{"/home/travis/build/npmtest/node-npmtest-redux-saga/test.js":{"path":"/home/travis/build/npmtest/node-npmtest-redux-saga/test.js","s":{"1":2,"2":2,"3":2,"4":2,"5":2,"6":2,"7":2,"8":1,"9":2,"10":2,"11":1,"12":1,"13":1,"14":1,"15":2,"16":2,"17":2,"18":2,"19":1,"20":1,"21":2,"22":2,"23":2,"24":1,"25":1,"26":1,"27":1,"28":1,"29":1,"30":1,"31":1,"32":1,"33":1,"34":1,"35":1,"36":1,"37":1,"38":1,"39":2,"40":2,"41":1,"42":2,"43":2,"44":1,"45":2,"46":2,"47":1,"48":2,"49":2,"50":1,"51":1,"52":1,"53":1,"54":1},"b":{"1":[2,1,1,1],"2":[1,1,1,1],"3":[1,1],"4":[1,1],"5":[1,1],"6":[1,1],"7":[1,1],"8":[1,1],"9":[1,1],"10":[1,1,1],"11":[1,1],"12":[1,1],"13":[1,1],"14":[1,1],"15":[1,1],"16":[1,1],"17":[1,1]},"f":{"1":2,"2":2,"3":2,"4":2,"5":2,"6":1,"7":1,"8":1,"9":2,"10":2,"11":2,"12":2,"13":1},"fnMap":{"1":{"name":"(anonymous_1)","line":12,"loc":{"start":{"line":12,"column":1},"end":{"line":12,"column":13}}},"2":{"name":"(anonymous_2)","line":19,"loc":{"start":{"line":19,"column":5},"end":{"line":19,"column":17}}},"3":{"name":"(anonymous_3)","line":23,"loc":{"start":{"line":23,"column":24},"end":{"line":23,"column":36}}},"4":{"name":"(anonymous_4)","line":61,"loc":{"start":{"line":61,"column":5},"end":{"line":61,"column":17}}},"5":{"name":"(anonymous_5)","line":82,"loc":{"start":{"line":82,"column":5},"end":{"line":82,"column":17}}},"6":{"name":"(anonymous_6)","line":91,"loc":{"start":{"line":91,"column":77},"end":{"line":94,"column":10}}},"7":{"name":"(anonymous_7)","line":112,"loc":{"start":{"line":112,"column":83},"end":{"line":115,"column":10}},"skip":true},"8":{"name":"(anonymous_8)","line":123,"loc":{"start":{"line":123,"column":77},"end":{"line":126,"column":10}},"skip":true},"9":{"name":"(anonymous_9)","line":139,"loc":{"start":{"line":139,"column":12},"end":{"line":139,"column":40}},"skip":true},"10":{"name":"(anonymous_10)","line":147,"loc":{"start":{"line":147,"column":77},"end":{"line":150,"column":10}},"skip":true},"11":{"name":"(anonymous_11)","line":158,"loc":{"start":{"line":158,"column":83},"end":{"line":161,"column":10}},"skip":true},"12":{"name":"(anonymous_12)","line":169,"loc":{"start":{"line":169,"column":79},"end":{"line":172,"column":10}},"skip":true},"13":{"name":"(anonymous_13)","line":180,"loc":{"start":{"line":180,"column":75},"end":{"line":183,"column":10}},"skip":true}},"statementMap":{"1":{"start":{"line":12,"column":0},"end":{"line":195,"column":5}},"2":{"start":{"line":14,"column":4},"end":{"line":14,"column":14}},"3":{"start":{"line":19,"column":4},"end":{"line":56,"column":9}},"4":{"start":{"line":21,"column":8},"end":{"line":21,"column":19}},"5":{"start":{"line":23,"column":8},"end":{"line":35,"column":13}},"6":{"start":{"line":24,"column":12},"end":{"line":34,"column":13}},"7":{"start":{"line":25,"column":16},"end":{"line":28,"column":30}},"8":{"start":{"line":30,"column":16},"end":{"line":33,"column":27}},"9":{"start":{"line":37,"column":8},"end":{"line":39,"column":21}},"10":{"start":{"line":40,"column":8},"end":{"line":53,"column":9}},"11":{"start":{"line":43,"column":12},"end":{"line":46,"column":14}},"12":{"start":{"line":47,"column":12},"end":{"line":47,"column":18}},"13":{"start":{"line":50,"column":12},"end":{"line":51,"column":46}},"14":{"start":{"line":52,"column":12},"end":{"line":52,"column":18}},"15":{"start":{"line":55,"column":8},"end":{"line":55,"column":35}},"16":{"start":{"line":61,"column":4},"end":{"line":63,"column":9}},"17":{"start":{"line":62,"column":8},"end":{"line":62,"column":15}},"18":{"start":{"line":64,"column":4},"end":{"line":77,"column":5}},"19":{"start":{"line":70,"column":8},"end":{"line":70,"column":14}},"20":{"start":{"line":76,"column":8},"end":{"line":76,"column":14}},"21":{"start":{"line":82,"column":4},"end":{"line":84,"column":9}},"22":{"start":{"line":83,"column":8},"end":{"line":83,"column":15}},"23":{"start":{"line":85,"column":4},"end":{"line":194,"column":5}},"24":{"start":{"line":91,"column":8},"end":{"line":99,"column":10}},"25":{"start":{"line":98,"column":12},"end":{"line":98,"column":35}},"26":{"start":{"line":102,"column":8},"end":{"line":104,"column":63}},"27":{"start":{"line":105,"column":8},"end":{"line":105,"column":14}},"28":{"start":{"line":112,"column":8},"end":{"line":121,"column":10},"skip":true},"29":{"start":{"line":119,"column":12},"end":{"line":119,"column":55},"skip":true},"30":{"start":{"line":120,"column":12},"end":{"line":120,"column":48},"skip":true},"31":{"start":{"line":123,"column":8},"end":{"line":136,"column":10},"skip":true},"32":{"start":{"line":130,"column":12},"end":{"line":130,"column":76},"skip":true},"33":{"start":{"line":131,"column":12},"end":{"line":131,"column":73},"skip":true},"34":{"start":{"line":132,"column":12},"end":{"line":132,"column":74},"skip":true},"35":{"start":{"line":133,"column":12},"end":{"line":133,"column":79},"skip":true},"36":{"start":{"line":134,"column":12},"end":{"line":134,"column":25},"skip":true},"37":{"start":{"line":135,"column":12},"end":{"line":135,"column":45},"skip":true},"38":{"start":{"line":138,"column":8},"end":{"line":145,"column":14},"skip":true},"39":{"start":{"line":143,"column":16},"end":{"line":143,"column":29},"skip":true},"40":{"start":{"line":144,"column":16},"end":{"line":144,"column":55},"skip":true},"41":{"start":{"line":147,"column":8},"end":{"line":156,"column":10},"skip":true},"42":{"start":{"line":154,"column":12},"end":{"line":154,"column":25},"skip":true},"43":{"start":{"line":155,"column":12},"end":{"line":155,"column":45},"skip":true},"44":{"start":{"line":158,"column":8},"end":{"line":167,"column":10},"skip":true},"45":{"start":{"line":165,"column":12},"end":{"line":165,"column":25},"skip":true},"46":{"start":{"line":166,"column":12},"end":{"line":166,"column":48},"skip":true},"47":{"start":{"line":169,"column":8},"end":{"line":178,"column":10},"skip":true},"48":{"start":{"line":176,"column":12},"end":{"line":176,"column":25},"skip":true},"49":{"start":{"line":177,"column":12},"end":{"line":177,"column":46},"skip":true},"50":{"start":{"line":180,"column":8},"end":{"line":189,"column":10},"skip":true},"51":{"start":{"line":187,"column":12},"end":{"line":187,"column":94},"skip":true},"52":{"start":{"line":188,"column":12},"end":{"line":188,"column":48},"skip":true},"53":{"start":{"line":192,"column":8},"end":{"line":192,"column":35},"skip":true},"54":{"start":{"line":193,"column":8},"end":{"line":193,"column":14},"skip":true}},"branchMap":{"1":{"line":25,"type":"binary-expr","locations":[{"start":{"line":25,"column":23},"end":{"line":25,"column":62}},{"start":{"line":26,"column":20},"end":{"line":26,"column":70}},{"start":{"line":27,"column":20},"end":{"line":27,"column":71}},{"start":{"line":28,"column":20},"end":{"line":28,"column":29}}]},"2":{"line":30,"type":"binary-expr","locations":[{"start":{"line":30,"column":23},"end":{"line":30,"column":37}},{"start":{"line":31,"column":20},"end":{"line":31,"column":61}},{"start":{"line":32,"column":20},"end":{"line":32,"column":70}},{"start":{"line":33,"column":20},"end":{"line":33,"column":26}}]},"3":{"line":37,"type":"cond-expr","locations":[{"start":{"line":38,"column":14},"end":{"line":38,"column":20}},{"start":{"line":39,"column":14},"end":{"line":39,"column":20}}]},"4":{"line":40,"type":"switch","locations":[{"start":{"line":42,"column":8},"end":{"line":47,"column":18}},{"start":{"line":49,"column":8},"end":{"line":52,"column":18}}]},"5":{"line":44,"type":"binary-expr","locations":[{"start":{"line":44,"column":16},"end":{"line":44,"column":44}},{"start":{"line":44,"column":48},"end":{"line":44,"column":66}}]},"6":{"line":50,"type":"binary-expr","locations":[{"start":{"line":50,"column":21},"end":{"line":50,"column":49}},{"start":{"line":50,"column":53},"end":{"line":50,"column":72}}]},"7":{"line":64,"type":"switch","locations":[{"start":{"line":69,"column":4},"end":{"line":70,"column":14}},{"start":{"line":75,"column":4},"end":{"line":76,"column":14}}]},"8":{"line":85,"type":"switch","locations":[{"start":{"line":90,"column":4},"end":{"line":105,"column":14}},{"start":{"line":111,"column":4},"end":{"line":193,"column":14},"skip":true}]},"9":{"line":91,"type":"binary-expr","locations":[{"start":{"line":91,"column":42},"end":{"line":91,"column":73}},{"start":{"line":91,"column":77},"end":{"line":99,"column":9}}]},"10":{"line":102,"type":"binary-expr","locations":[{"start":{"line":102,"column":18},"end":{"line":102,"column":32}},{"start":{"line":103,"column":12},"end":{"line":103,"column":53}},{"start":{"line":104,"column":12},"end":{"line":104,"column":61}}]},"11":{"line":112,"type":"binary-expr","locations":[{"start":{"line":112,"column":45},"end":{"line":112,"column":79},"skip":true},{"start":{"line":112,"column":83},"end":{"line":121,"column":9},"skip":true}]},"12":{"line":123,"type":"binary-expr","locations":[{"start":{"line":123,"column":42},"end":{"line":123,"column":73},"skip":true},{"start":{"line":123,"column":77},"end":{"line":136,"column":9},"skip":true}]},"13":{"line":138,"type":"binary-expr","locations":[{"start":{"line":138,"column":48},"end":{"line":138,"column":85},"skip":true},{"start":{"line":139,"column":12},"end":{"line":145,"column":13},"skip":true}]},"14":{"line":147,"type":"binary-expr","locations":[{"start":{"line":147,"column":42},"end":{"line":147,"column":73},"skip":true},{"start":{"line":147,"column":77},"end":{"line":156,"column":9},"skip":true}]},"15":{"line":158,"type":"binary-expr","locations":[{"start":{"line":158,"column":45},"end":{"line":158,"column":79},"skip":true},{"start":{"line":158,"column":83},"end":{"line":167,"column":9},"skip":true}]},"16":{"line":169,"type":"binary-expr","locations":[{"start":{"line":169,"column":43},"end":{"line":169,"column":75},"skip":true},{"start":{"line":169,"column":79},"end":{"line":178,"column":9},"skip":true}]},"17":{"line":180,"type":"binary-expr","locations":[{"start":{"line":180,"column":41},"end":{"line":180,"column":71},"skip":true},{"start":{"line":180,"column":75},"end":{"line":189,"column":9},"skip":true}]}},"code":["/* istanbul instrument in package npmtest_redux_saga */","/*jslint","    bitwise: true,","    browser: true,","    maxerr: 8,","    maxlen: 96,","    node: true,","    nomen: true,","    regexp: true,","    stupid: true","*/","(function () {","    'use strict';","    var local;","","","","    // run shared js-env code - pre-init","    (function () {","        // init local","        local = {};","        // init modeJs","        local.modeJs = (function () {","            try {","                return typeof navigator.userAgent === 'string' &&","                    typeof document.querySelector('body') === 'object' &&","                    typeof XMLHttpRequest.prototype.open === 'function' &&","                    'browser';","            } catch (errorCaughtBrowser) {","                return module.exports &&","                    typeof process.versions.node === 'string' &&","                    typeof require('http').createServer === 'function' &&","                    'node';","            }","        }());","        // init global","        local.global = local.modeJs === 'browser'","            ? window","            : global;","        switch (local.modeJs) {","        // re-init local from window.local","        case 'browser':","            local = local.global.utility2.objectSetDefault(","                local.global.utility2_rollup || local.global.local,","                local.global.utility2","            );","            break;","        // re-init local from example.js","        case 'node':","            local = (local.global.utility2_rollup || require('utility2'))","                .requireExampleJsFromReadme();","            break;","        }","        // export local","        local.global.local = local;","    }());","","","","    // run shared js-env code - function","    (function () {","        return;","    }());","    switch (local.modeJs) {","","","","    // run browser js-env code - function","    case 'browser':","        break;","","","","    // run node js-env code - function","    case 'node':","        break;","    }","","","","    // run shared js-env code - post-init","    (function () {","        return;","    }());","    switch (local.modeJs) {","","","","    // run browser js-env code - post-init","    case 'browser':","        local.testCase_browser_nullCase = local.testCase_browser_nullCase || function (","            options,","            onError","        ) {","        /*","         * this function will test browsers's null-case handling-behavior-behavior","         */","            onError(null, options);","        };","","        // run tests","        local.nop(local.modeTest &&","            document.querySelector('#testRunButton1') &&","            document.querySelector('#testRunButton1').click());","        break;","","","","    // run node js-env code - post-init","    /* istanbul ignore next */","    case 'node':","        local.testCase_buildApidoc_default = local.testCase_buildApidoc_default || function (","            options,","            onError","        ) {","        /*","         * this function will test buildApidoc's default handling-behavior-behavior","         */","            options = { modulePathList: module.paths };","            local.buildApidoc(options, onError);","        };","","        local.testCase_buildApp_default = local.testCase_buildApp_default || function (","            options,","            onError","        ) {","        /*","         * this function will test buildApp's default handling-behavior-behavior","         */","            local.testCase_buildReadme_default(options, local.onErrorThrow);","            local.testCase_buildLib_default(options, local.onErrorThrow);","            local.testCase_buildTest_default(options, local.onErrorThrow);","            local.testCase_buildCustomOrg_default(options, local.onErrorThrow);","            options = [];","            local.buildApp(options, onError);","        };","","        local.testCase_buildCustomOrg_default = local.testCase_buildCustomOrg_default ||","            function (options, onError) {","            /*","             * this function will test buildCustomOrg's default handling-behavior","             */","                options = {};","                local.buildCustomOrg(options, onError);","            };","","        local.testCase_buildLib_default = local.testCase_buildLib_default || function (","            options,","            onError","        ) {","        /*","         * this function will test buildLib's default handling-behavior","         */","            options = {};","            local.buildLib(options, onError);","        };","","        local.testCase_buildReadme_default = local.testCase_buildReadme_default || function (","            options,","            onError","        ) {","        /*","         * this function will test buildReadme's default handling-behavior-behavior","         */","            options = {};","            local.buildReadme(options, onError);","        };","","        local.testCase_buildTest_default = local.testCase_buildTest_default || function (","            options,","            onError","        ) {","        /*","         * this function will test buildTest's default handling-behavior","         */","            options = {};","            local.buildTest(options, onError);","        };","","        local.testCase_webpage_default = local.testCase_webpage_default || function (","            options,","            onError","        ) {","        /*","         * this function will test webpage's default handling-behavior","         */","            options = { modeCoverageMerge: true, url: local.serverLocalHost + '?modeTest=1' };","            local.browserTest(options, onError);","        };","","        // run test-server","        local.testRunServer(local);","        break;","    }","}());",""],"l":{"12":2,"14":2,"19":2,"21":2,"23":2,"24":2,"25":2,"30":1,"37":2,"40":2,"43":1,"47":1,"50":1,"52":1,"55":2,"61":2,"62":2,"64":2,"70":1,"76":1,"82":2,"83":2,"85":2,"91":1,"98":1,"102":1,"105":1,"112":1,"119":1,"120":1,"123":1,"130":1,"131":1,"132":1,"133":1,"134":1,"135":1,"138":1,"143":2,"144":2,"147":1,"154":2,"155":2,"158":1,"165":2,"166":2,"169":1,"176":2,"177":2,"180":1,"187":1,"188":1,"192":1,"193":1}},"/home/travis/build/npmtest/node-npmtest-redux-saga/lib.npmtest_redux_saga.js":{"path":"/home/travis/build/npmtest/node-npmtest-redux-saga/lib.npmtest_redux_saga.js","s":{"1":2,"2":2,"3":2,"4":2,"5":2,"6":2,"7":2,"8":1,"9":2,"10":2,"11":2,"12":2,"13":1,"14":1,"15":1,"16":1},"b":{"1":[2,1,1,1],"2":[1,1,1,1],"3":[1,1],"4":[2,2],"5":[1,1]},"f":{"1":2,"2":2,"3":2},"fnMap":{"1":{"name":"(anonymous_1)","line":12,"loc":{"start":{"line":12,"column":1},"end":{"line":12,"column":13}}},"2":{"name":"(anonymous_2)","line":19,"loc":{"start":{"line":19,"column":5},"end":{"line":19,"column":17}}},"3":{"name":"(anonymous_3)","line":23,"loc":{"start":{"line":23,"column":24},"end":{"line":23,"column":36}}}},"statementMap":{"1":{"start":{"line":12,"column":0},"end":{"line":53,"column":5}},"2":{"start":{"line":14,"column":4},"end":{"line":14,"column":14}},"3":{"start":{"line":19,"column":4},"end":{"line":52,"column":9}},"4":{"start":{"line":21,"column":8},"end":{"line":21,"column":19}},"5":{"start":{"line":23,"column":8},"end":{"line":35,"column":13}},"6":{"start":{"line":24,"column":12},"end":{"line":34,"column":13}},"7":{"start":{"line":25,"column":16},"end":{"line":28,"column":30}},"8":{"start":{"line":30,"column":16},"end":{"line":33,"column":27}},"9":{"start":{"line":37,"column":8},"end":{"line":39,"column":21}},"10":{"start":{"line":41,"column":8},"end":{"line":41,"column":54}},"11":{"start":{"line":43,"column":8},"end":{"line":43,"column":55}},"12":{"start":{"line":45,"column":8},"end":{"line":51,"column":9}},"13":{"start":{"line":46,"column":12},"end":{"line":46,"column":61}},"14":{"start":{"line":48,"column":12},"end":{"line":48,"column":35}},"15":{"start":{"line":49,"column":12},"end":{"line":49,"column":49}},"16":{"start":{"line":50,"column":12},"end":{"line":50,"column":43}}},"branchMap":{"1":{"line":25,"type":"binary-expr","locations":[{"start":{"line":25,"column":23},"end":{"line":25,"column":62}},{"start":{"line":26,"column":20},"end":{"line":26,"column":70}},{"start":{"line":27,"column":20},"end":{"line":27,"column":71}},{"start":{"line":28,"column":20},"end":{"line":28,"column":29}}]},"2":{"line":30,"type":"binary-expr","locations":[{"start":{"line":30,"column":23},"end":{"line":30,"column":37}},{"start":{"line":31,"column":20},"end":{"line":31,"column":61}},{"start":{"line":32,"column":20},"end":{"line":32,"column":70}},{"start":{"line":33,"column":20},"end":{"line":33,"column":26}}]},"3":{"line":37,"type":"cond-expr","locations":[{"start":{"line":38,"column":14},"end":{"line":38,"column":20}},{"start":{"line":39,"column":14},"end":{"line":39,"column":20}}]},"4":{"line":41,"type":"binary-expr","locations":[{"start":{"line":41,"column":16},"end":{"line":41,"column":44}},{"start":{"line":41,"column":48},"end":{"line":41,"column":53}}]},"5":{"line":45,"type":"if","locations":[{"start":{"line":45,"column":8},"end":{"line":45,"column":8}},{"start":{"line":45,"column":8},"end":{"line":45,"column":8}}]}},"code":["/* istanbul instrument in package npmtest_redux_saga */","/*jslint","    bitwise: true,","    browser: true,","    maxerr: 8,","    maxlen: 96,","    node: true,","    nomen: true,","    regexp: true,","    stupid: true","*/","(function () {","    'use strict';","    var local;","","","","    // run shared js-env code - pre-init","    (function () {","        // init local","        local = {};","        // init modeJs","        local.modeJs = (function () {","            try {","                return typeof navigator.userAgent === 'string' &&","                    typeof document.querySelector('body') === 'object' &&","                    typeof XMLHttpRequest.prototype.open === 'function' &&","                    'browser';","            } catch (errorCaughtBrowser) {","                return module.exports &&","                    typeof process.versions.node === 'string' &&","                    typeof require('http').createServer === 'function' &&","                    'node';","            }","        }());","        // init global","        local.global = local.modeJs === 'browser'","            ? window","            : global;","        // init utility2_rollup","        local = local.global.utility2_rollup || local;","        // init lib","        local.local = local.npmtest_redux_saga = local;","        // init exports","        if (local.modeJs === 'browser') {","            local.global.utility2_npmtest_redux_saga = local;","        } else {","            module.exports = local;","            module.exports.__dirname = __dirname;","            module.exports.module = module;","        }","    }());","}());",""],"l":{"12":2,"14":2,"19":2,"21":2,"23":2,"24":2,"25":2,"30":1,"37":2,"41":2,"43":2,"45":2,"46":1,"48":1,"49":1,"50":1}},"/home/travis/build/npmtest/node-npmtest-redux-saga/example.js":{"path":"/home/travis/build/npmtest/node-npmtest-redux-saga/example.js","s":{"1":2,"2":2,"3":2,"4":2,"5":2,"6":2,"7":2,"8":1,"9":2,"10":2,"11":2,"12":2,"13":1,"14":2,"15":2,"16":2,"17":2,"18":2,"19":0,"20":2,"21":1,"22":1,"23":1,"24":1,"25":1,"26":0,"27":0,"28":1,"29":1,"30":2,"31":0,"32":0,"33":0,"34":1,"35":2,"36":2,"37":3,"38":3,"39":3,"40":3,"41":0,"42":3,"43":3,"44":3,"45":1,"46":3,"47":1,"48":1,"49":1,"50":1,"51":1,"52":1,"53":1,"54":1,"55":1,"56":1,"57":0,"58":1,"59":6,"60":6,"61":1,"62":2,"63":0,"64":2,"65":1,"66":1,"67":0,"68":0,"69":0,"70":0,"71":0,"72":0,"73":0,"74":0,"75":0,"76":0,"77":0,"78":0,"79":0,"80":0,"81":0,"82":0,"83":0},"b":{"1":[2,1,1,1],"2":[1,1,1,1],"3":[1,1],"4":[2,2],"5":[1,1],"6":[1,1],"7":[2,0],"8":[2,1,1,1,1,1],"9":[0,2,0],"10":[1,1],"11":[2,1,1],"12":[1,0],"13":[0,2],"14":[2,0,0,0,0,0,0],"15":[0,3],"16":[3,0],"17":[1,1],"18":[0,1],"19":[1,2,0,2],"20":[1,0],"21":[1,1],"22":[0,0],"23":[0,0],"24":[0,0],"25":[0,0],"26":[0,0],"27":[0,0],"28":[0,0]},"f":{"1":2,"2":2,"3":2,"4":2,"5":2,"6":2,"7":3,"8":3,"9":3,"10":1,"11":6,"12":0},"fnMap":{"1":{"name":"(anonymous_1)","line":26,"loc":{"start":{"line":26,"column":1},"end":{"line":26,"column":13}}},"2":{"name":"(anonymous_2)","line":33,"loc":{"start":{"line":33,"column":5},"end":{"line":33,"column":17}}},"3":{"name":"(anonymous_3)","line":37,"loc":{"start":{"line":37,"column":24},"end":{"line":37,"column":36}}},"4":{"name":"(anonymous_4)","line":69,"loc":{"start":{"line":69,"column":31},"end":{"line":69,"column":48}},"skip":true},"5":{"name":"(anonymous_5)","line":78,"loc":{"start":{"line":78,"column":26},"end":{"line":78,"column":45}},"skip":true},"6":{"name":"(anonymous_6)","line":123,"loc":{"start":{"line":123,"column":33},"end":{"line":123,"column":48}},"skip":true},"7":{"name":"(anonymous_7)","line":125,"loc":{"start":{"line":125,"column":27},"end":{"line":125,"column":39}},"skip":true},"8":{"name":"(anonymous_8)","line":133,"loc":{"start":{"line":133,"column":59},"end":{"line":133,"column":74}},"skip":true},"9":{"name":"(anonymous_9)","line":143,"loc":{"start":{"line":143,"column":45},"end":{"line":143,"column":62}},"skip":true},"10":{"name":"(anonymous_10)","line":144,"loc":{"start":{"line":144,"column":73},"end":{"line":144,"column":92}},"skip":true},"11":{"name":"(anonymous_11)","line":272,"loc":{"start":{"line":272,"column":51},"end":{"line":272,"column":77}},"skip":true},"12":{"name":"(anonymous_12)","line":315,"loc":{"start":{"line":315,"column":32},"end":{"line":315,"column":61}},"skip":true}},"statementMap":{"1":{"start":{"line":26,"column":0},"end":{"line":326,"column":5}},"2":{"start":{"line":28,"column":4},"end":{"line":28,"column":14}},"3":{"start":{"line":33,"column":4},"end":{"line":60,"column":9}},"4":{"start":{"line":35,"column":8},"end":{"line":35,"column":19}},"5":{"start":{"line":37,"column":8},"end":{"line":49,"column":13}},"6":{"start":{"line":38,"column":12},"end":{"line":48,"column":13}},"7":{"start":{"line":39,"column":16},"end":{"line":42,"column":30}},"8":{"start":{"line":44,"column":16},"end":{"line":47,"column":27}},"9":{"start":{"line":51,"column":8},"end":{"line":53,"column":21}},"10":{"start":{"line":55,"column":8},"end":{"line":57,"column":45}},"11":{"start":{"line":59,"column":8},"end":{"line":59,"column":35}},"12":{"start":{"line":61,"column":4},"end":{"line":325,"column":5}},"13":{"start":{"line":69,"column":8},"end":{"line":121,"column":10},"skip":true},"14":{"start":{"line":70,"column":12},"end":{"line":88,"column":13},"skip":true},"15":{"start":{"line":76,"column":16},"end":{"line":87,"column":19},"skip":true},"16":{"start":{"line":79,"column":20},"end":{"line":86,"column":21},"skip":true},"17":{"start":{"line":82,"column":24},"end":{"line":82,"column":43},"skip":true},"18":{"start":{"line":83,"column":24},"end":{"line":83,"column":30},"skip":true},"19":{"start":{"line":85,"column":24},"end":{"line":85,"column":49},"skip":true},"20":{"start":{"line":89,"column":12},"end":{"line":107,"column":13},"skip":true},"21":{"start":{"line":92,"column":16},"end":{"line":102,"column":17},"skip":true},"22":{"start":{"line":93,"column":20},"end":{"line":93,"column":86},"skip":true},"23":{"start":{"line":94,"column":20},"end":{"line":95,"column":45},"skip":true},"24":{"start":{"line":96,"column":20},"end":{"line":96,"column":42},"skip":true},"25":{"start":{"line":97,"column":20},"end":{"line":97,"column":48},"skip":true},"26":{"start":{"line":100,"column":20},"end":{"line":100,"column":85},"skip":true},"27":{"start":{"line":101,"column":20},"end":{"line":101,"column":96},"skip":true},"28":{"start":{"line":103,"column":16},"end":{"line":103,"column":22},"skip":true},"29":{"start":{"line":106,"column":16},"end":{"line":106,"column":22},"skip":true},"30":{"start":{"line":108,"column":12},"end":{"line":120,"column":13},"skip":true},"31":{"start":{"line":114,"column":16},"end":{"line":119,"column":17},"skip":true},"32":{"start":{"line":116,"column":20},"end":{"line":116,"column":78},"skip":true},"33":{"start":{"line":118,"column":20},"end":{"line":118,"column":47},"skip":true},"34":{"start":{"line":123,"column":8},"end":{"line":141,"column":11},"skip":true},"35":{"start":{"line":124,"column":12},"end":{"line":124,"column":54},"skip":true},"36":{"start":{"line":125,"column":12},"end":{"line":140,"column":14},"skip":true},"37":{"start":{"line":126,"column":16},"end":{"line":126,"column":28},"skip":true},"38":{"start":{"line":127,"column":16},"end":{"line":127,"column":69},"skip":true},"39":{"start":{"line":128,"column":16},"end":{"line":128,"column":75},"skip":true},"40":{"start":{"line":129,"column":16},"end":{"line":131,"column":17},"skip":true},"41":{"start":{"line":130,"column":20},"end":{"line":130,"column":27},"skip":true},"42":{"start":{"line":133,"column":16},"end":{"line":137,"column":36},"skip":true},"43":{"start":{"line":134,"column":20},"end":{"line":136,"column":55},"skip":true},"44":{"start":{"line":139,"column":16},"end":{"line":139,"column":57},"skip":true},"45":{"start":{"line":143,"column":8},"end":{"line":147,"column":11},"skip":true},"46":{"start":{"line":144,"column":12},"end":{"line":146,"column":15},"skip":true},"47":{"start":{"line":145,"column":16},"end":{"line":145,"column":70},"skip":true},"48":{"start":{"line":149,"column":8},"end":{"line":149,"column":31},"skip":true},"49":{"start":{"line":150,"column":8},"end":{"line":150,"column":14},"skip":true},"50":{"start":{"line":158,"column":8},"end":{"line":158,"column":31},"skip":true},"51":{"start":{"line":160,"column":8},"end":{"line":160,"column":33},"skip":true},"52":{"start":{"line":161,"column":8},"end":{"line":161,"column":37},"skip":true},"53":{"start":{"line":162,"column":8},"end":{"line":162,"column":35},"skip":true},"54":{"start":{"line":164,"column":8},"end":{"line":164,"column":50},"skip":true},"55":{"start":{"line":166,"column":8},"end":{"line":256,"column":2},"skip":true},"56":{"start":{"line":258,"column":8},"end":{"line":286,"column":9},"skip":true},"57":{"start":{"line":259,"column":12},"end":{"line":269,"column":14},"skip":true},"58":{"start":{"line":271,"column":12},"end":{"line":285,"column":19},"skip":true},"59":{"start":{"line":274,"column":20},"end":{"line":274,"column":35},"skip":true},"60":{"start":{"line":275,"column":20},"end":{"line":284,"column":21},"skip":true},"61":{"start":{"line":277,"column":24},"end":{"line":277,"column":64},"skip":true},"62":{"start":{"line":279,"column":24},"end":{"line":279,"column":40},"skip":true},"63":{"start":{"line":281,"column":24},"end":{"line":281,"column":40},"skip":true},"64":{"start":{"line":283,"column":24},"end":{"line":283,"column":39},"skip":true},"65":{"start":{"line":288,"column":8},"end":{"line":290,"column":9},"skip":true},"66":{"start":{"line":289,"column":12},"end":{"line":289,"column":18},"skip":true},"67":{"start":{"line":291,"column":8},"end":{"line":293,"column":54},"skip":true},"68":{"start":{"line":296,"column":8},"end":{"line":301,"column":37},"skip":true},"69":{"start":{"line":303,"column":8},"end":{"line":303,"column":82},"skip":true},"70":{"start":{"line":306,"column":8},"end":{"line":308,"column":9},"skip":true},"71":{"start":{"line":307,"column":12},"end":{"line":307,"column":82},"skip":true},"72":{"start":{"line":310,"column":8},"end":{"line":312,"column":9},"skip":true},"73":{"start":{"line":311,"column":12},"end":{"line":311,"column":18},"skip":true},"74":{"start":{"line":313,"column":8},"end":{"line":313,"column":54},"skip":true},"75":{"start":{"line":314,"column":8},"end":{"line":314,"column":69},"skip":true},"76":{"start":{"line":315,"column":8},"end":{"line":323,"column":36},"skip":true},"77":{"start":{"line":316,"column":12},"end":{"line":316,"column":61},"skip":true},"78":{"start":{"line":317,"column":12},"end":{"line":320,"column":13},"skip":true},"79":{"start":{"line":318,"column":16},"end":{"line":318,"column":75},"skip":true},"80":{"start":{"line":319,"column":16},"end":{"line":319,"column":23},"skip":true},"81":{"start":{"line":321,"column":12},"end":{"line":321,"column":38},"skip":true},"82":{"start":{"line":322,"column":12},"end":{"line":322,"column":27},"skip":true},"83":{"start":{"line":324,"column":8},"end":{"line":324,"column":14},"skip":true}},"branchMap":{"1":{"line":39,"type":"binary-expr","locations":[{"start":{"line":39,"column":23},"end":{"line":39,"column":62}},{"start":{"line":40,"column":20},"end":{"line":40,"column":70}},{"start":{"line":41,"column":20},"end":{"line":41,"column":71}},{"start":{"line":42,"column":20},"end":{"line":42,"column":29}}]},"2":{"line":44,"type":"binary-expr","locations":[{"start":{"line":44,"column":23},"end":{"line":44,"column":37}},{"start":{"line":45,"column":20},"end":{"line":45,"column":61}},{"start":{"line":46,"column":20},"end":{"line":46,"column":70}},{"start":{"line":47,"column":20},"end":{"line":47,"column":26}}]},"3":{"line":51,"type":"cond-expr","locations":[{"start":{"line":52,"column":14},"end":{"line":52,"column":20}},{"start":{"line":53,"column":14},"end":{"line":53,"column":20}}]},"4":{"line":55,"type":"binary-expr","locations":[{"start":{"line":55,"column":16},"end":{"line":55,"column":44}},{"start":{"line":55,"column":49},"end":{"line":57,"column":43}}]},"5":{"line":55,"type":"cond-expr","locations":[{"start":{"line":56,"column":14},"end":{"line":56,"column":54}},{"start":{"line":57,"column":14},"end":{"line":57,"column":43}}]},"6":{"line":61,"type":"switch","locations":[{"start":{"line":68,"column":4},"end":{"line":150,"column":14},"skip":true},{"start":{"line":156,"column":4},"end":{"line":324,"column":14},"skip":true}]},"7":{"line":70,"type":"if","locations":[{"start":{"line":70,"column":12},"end":{"line":70,"column":12},"skip":true},{"start":{"line":70,"column":12},"end":{"line":70,"column":12},"skip":true}]},"8":{"line":70,"type":"binary-expr","locations":[{"start":{"line":70,"column":16},"end":{"line":70,"column":22},"skip":true},{"start":{"line":70,"column":27},"end":{"line":70,"column":32},"skip":true},{"start":{"line":71,"column":20},"end":{"line":71,"column":39},"skip":true},{"start":{"line":72,"column":20},"end":{"line":72,"column":49},"skip":true},{"start":{"line":73,"column":20},"end":{"line":73,"column":58},"skip":true},{"start":{"line":74,"column":20},"end":{"line":74,"column":69},"skip":true}]},"9":{"line":79,"type":"switch","locations":[{"start":{"line":80,"column":20},"end":{"line":80,"column":33},"skip":true},{"start":{"line":81,"column":20},"end":{"line":83,"column":30},"skip":true},{"start":{"line":84,"column":20},"end":{"line":85,"column":49},"skip":true}]},"10":{"line":89,"type":"switch","locations":[{"start":{"line":90,"column":12},"end":{"line":103,"column":22},"skip":true},{"start":{"line":105,"column":12},"end":{"line":106,"column":22},"skip":true}]},"11":{"line":89,"type":"binary-expr","locations":[{"start":{"line":89,"column":20},"end":{"line":89,"column":25},"skip":true},{"start":{"line":89,"column":29},"end":{"line":89,"column":48},"skip":true},{"start":{"line":89,"column":52},"end":{"line":89,"column":74},"skip":true}]},"12":{"line":92,"type":"if","locations":[{"start":{"line":92,"column":16},"end":{"line":92,"column":16},"skip":true},{"start":{"line":92,"column":16},"end":{"line":92,"column":16},"skip":true}]},"13":{"line":108,"type":"if","locations":[{"start":{"line":108,"column":12},"end":{"line":108,"column":12},"skip":true},{"start":{"line":108,"column":12},"end":{"line":108,"column":12},"skip":true}]},"14":{"line":108,"type":"binary-expr","locations":[{"start":{"line":108,"column":16},"end":{"line":108,"column":61},"skip":true},{"start":{"line":108,"column":66},"end":{"line":108,"column":72},"skip":true},{"start":{"line":108,"column":77},"end":{"line":108,"column":82},"skip":true},{"start":{"line":109,"column":20},"end":{"line":109,"column":39},"skip":true},{"start":{"line":110,"column":20},"end":{"line":110,"column":49},"skip":true},{"start":{"line":111,"column":20},"end":{"line":111,"column":58},"skip":true},{"start":{"line":112,"column":20},"end":{"line":112,"column":68},"skip":true}]},"15":{"line":129,"type":"if","locations":[{"start":{"line":129,"column":16},"end":{"line":129,"column":16},"skip":true},{"start":{"line":129,"column":16},"end":{"line":129,"column":16},"skip":true}]},"16":{"line":134,"type":"cond-expr","locations":[{"start":{"line":135,"column":26},"end":{"line":135,"column":29},"skip":true},{"start":{"line":136,"column":26},"end":{"line":136,"column":54},"skip":true}]},"17":{"line":164,"type":"binary-expr","locations":[{"start":{"line":164,"column":27},"end":{"line":164,"column":43},"skip":true},{"start":{"line":164,"column":47},"end":{"line":164,"column":49},"skip":true}]},"18":{"line":258,"type":"if","locations":[{"start":{"line":258,"column":8},"end":{"line":258,"column":8},"skip":true},{"start":{"line":258,"column":8},"end":{"line":258,"column":8},"skip":true}]},"19":{"line":275,"type":"switch","locations":[{"start":{"line":276,"column":20},"end":{"line":277,"column":64},"skip":true},{"start":{"line":278,"column":20},"end":{"line":279,"column":40},"skip":true},{"start":{"line":280,"column":20},"end":{"line":281,"column":40},"skip":true},{"start":{"line":282,"column":20},"end":{"line":283,"column":39},"skip":true}]},"20":{"line":288,"type":"if","locations":[{"start":{"line":288,"column":8},"end":{"line":288,"column":8},"skip":true},{"start":{"line":288,"column":8},"end":{"line":288,"column":8},"skip":true}]},"21":{"line":288,"type":"binary-expr","locations":[{"start":{"line":288,"column":12},"end":{"line":288,"column":40},"skip":true},{"start":{"line":288,"column":44},"end":{"line":288,"column":67},"skip":true}]},"22":{"line":292,"type":"binary-expr","locations":[{"start":{"line":292,"column":12},"end":{"line":292,"column":50},"skip":true},{"start":{"line":293,"column":12},"end":{"line":293,"column":53},"skip":true}]},"23":{"line":297,"type":"binary-expr","locations":[{"start":{"line":297,"column":12},"end":{"line":297,"column":68},"skip":true},{"start":{"line":298,"column":12},"end":{"line":301,"column":36},"skip":true}]},"24":{"line":303,"type":"binary-expr","locations":[{"start":{"line":303,"column":43},"end":{"line":303,"column":75},"skip":true},{"start":{"line":303,"column":79},"end":{"line":303,"column":81},"skip":true}]},"25":{"line":306,"type":"if","locations":[{"start":{"line":306,"column":8},"end":{"line":306,"column":8},"skip":true},{"start":{"line":306,"column":8},"end":{"line":306,"column":8},"skip":true}]},"26":{"line":310,"type":"if","locations":[{"start":{"line":310,"column":8},"end":{"line":310,"column":8},"skip":true},{"start":{"line":310,"column":8},"end":{"line":310,"column":8},"skip":true}]},"27":{"line":313,"type":"binary-expr","locations":[{"start":{"line":313,"column":27},"end":{"line":313,"column":43},"skip":true},{"start":{"line":313,"column":47},"end":{"line":313,"column":53},"skip":true}]},"28":{"line":317,"type":"if","locations":[{"start":{"line":317,"column":12},"end":{"line":317,"column":12},"skip":true},{"start":{"line":317,"column":12},"end":{"line":317,"column":12},"skip":true}]}},"code":["/*","example.js","","quickstart example","","instruction","    1. save this script as example.js","    2. run the shell command:","        $ npm install npmtest-redux-saga && PORT=8081 node example.js","    3. play with the browser-demo on http://127.0.0.1:8081","*/","","","","/* istanbul instrument in package npmtest_redux_saga */","/*jslint","    bitwise: true,","    browser: true,","    maxerr: 8,","    maxlen: 96,","    node: true,","    nomen: true,","    regexp: true,","    stupid: true","*/","(function () {","    'use strict';","    var local;","","","","    // run shared js-env code - pre-init","    (function () {","        // init local","        local = {};","        // init modeJs","        local.modeJs = (function () {","            try {","                return typeof navigator.userAgent === 'string' &&","                    typeof document.querySelector('body') === 'object' &&","                    typeof XMLHttpRequest.prototype.open === 'function' &&","                    'browser';","            } catch (errorCaughtBrowser) {","                return module.exports &&","                    typeof process.versions.node === 'string' &&","                    typeof require('http').createServer === 'function' &&","                    'node';","            }","        }());","        // init global","        local.global = local.modeJs === 'browser'","            ? window","            : global;","        // init utility2_rollup","        local = local.global.utility2_rollup || (local.modeJs === 'browser'","            ? local.global.utility2_npmtest_redux_saga","            : global.utility2_moduleExports);","        // export local","        local.global.local = local;","    }());","    switch (local.modeJs) {","","","","    // post-init","    // run browser js-env code - post-init","    /* istanbul ignore next */","    case 'browser':","        local.testRunBrowser = function (event) {","            if (!event || (event &&","                    event.currentTarget &&","                    event.currentTarget.className &&","                    event.currentTarget.className.includes &&","                    event.currentTarget.className.includes('onreset'))) {","                // reset output","                Array.from(","                    document.querySelectorAll('body > .resettable')","                ).forEach(function (element) {","                    switch (element.tagName) {","                    case 'INPUT':","                    case 'TEXTAREA':","                        element.value = '';","                        break;","                    default:","                        element.textContent = '';","                    }","                });","            }","            switch (event && event.currentTarget && event.currentTarget.id) {","            case 'testRunButton1':","                // show tests","                if (document.querySelector('#testReportDiv1').style.display === 'none') {","                    document.querySelector('#testReportDiv1').style.display = 'block';","                    document.querySelector('#testRunButton1').textContent =","                        'hide internal test';","                    local.modeTest = true;","                    local.testRunDefault(local);","                // hide tests","                } else {","                    document.querySelector('#testReportDiv1').style.display = 'none';","                    document.querySelector('#testRunButton1').textContent = 'run internal test';","                }","                break;","            // custom-case","            default:","                break;","            }","            if (document.querySelector('#inputTextareaEval1') && (!event || (event &&","                    event.currentTarget &&","                    event.currentTarget.className &&","                    event.currentTarget.className.includes &&","                    event.currentTarget.className.includes('oneval')))) {","                // try to eval input-code","                try {","                    /*jslint evil: true*/","                    eval(document.querySelector('#inputTextareaEval1').value);","                } catch (errorCaught) {","                    console.error(errorCaught);","                }","            }","        };","        // log stderr and stdout to #outputTextareaStdout1","        ['error', 'log'].forEach(function (key) {","            console[key + '_original'] = console[key];","            console[key] = function () {","                var element;","                console[key + '_original'].apply(console, arguments);","                element = document.querySelector('#outputTextareaStdout1');","                if (!element) {","                    return;","                }","                // append text to #outputTextareaStdout1","                element.value += Array.from(arguments).map(function (arg) {","                    return typeof arg === 'string'","                        ? arg","                        : JSON.stringify(arg, null, 4);","                }).join(' ') + '\\n';","                // scroll textarea to bottom","                element.scrollTop = element.scrollHeight;","            };","        });","        // init event-handling","        ['change', 'click', 'keyup'].forEach(function (event) {","            Array.from(document.querySelectorAll('.on' + event)).forEach(function (element) {","                element.addEventListener(event, local.testRunBrowser);","            });","        });","        // run tests","        local.testRunBrowser();","        break;","","","","    // run node js-env code - post-init","    /* istanbul ignore next */","    case 'node':","        // export local","        module.exports = local;","        // require modules","        local.fs = require('fs');","        local.http = require('http');","        local.url = require('url');","        // init assets","        local.assetsDict = local.assetsDict || {};","        /* jslint-ignore-begin */","        local.assetsDict['/assets.index.template.html'] = '\\","<!doctype html>\\n\\","<html lang=\"en\">\\n\\","<head>\\n\\","<meta charset=\"UTF-8\">\\n\\","<meta name=\"viewport\" content=\"width=device-width, initial-scale=1\">\\n\\","<title>{{env.npm_package_name}} (v{{env.npm_package_version}})</title>\\n\\","<style>\\n\\","/*csslint\\n\\","    box-sizing: false,\\n\\","    universal-selector: false\\n\\","*/\\n\\","* {\\n\\","    box-sizing: border-box;\\n\\","}\\n\\","body {\\n\\","    background: #dde;\\n\\","    font-family: Arial, Helvetica, sans-serif;\\n\\","    margin: 2rem;\\n\\","}\\n\\","body > * {\\n\\","    margin-bottom: 1rem;\\n\\","}\\n\\",".utility2FooterDiv {\\n\\","    margin-top: 20px;\\n\\","    text-align: center;\\n\\","}\\n\\","</style>\\n\\","<style>\\n\\","/*csslint\\n\\","*/\\n\\","textarea {\\n\\","    font-family: monospace;\\n\\","    height: 10rem;\\n\\","    width: 100%;\\n\\","}\\n\\","textarea[readonly] {\\n\\","    background: #ddd;\\n\\","}\\n\\","</style>\\n\\","</head>\\n\\","<body>\\n\\","<!-- utility2-comment\\n\\","<div id=\"ajaxProgressDiv1\" style=\"background: #d00; height: 2px; left: 0; margin: 0; padding: 0; position: fixed; top: 0; transition: background 0.5s, width 1.5s; width: 25%;\"></div>\\n\\","utility2-comment -->\\n\\","<h1>\\n\\","<!-- utility2-comment\\n\\","    <a\\n\\","        {{#if env.npm_package_homepage}}\\n\\","        href=\"{{env.npm_package_homepage}}\"\\n\\","        {{/if env.npm_package_homepage}}\\n\\","        target=\"_blank\"\\n\\","    >\\n\\","utility2-comment -->\\n\\","        {{env.npm_package_name}} (v{{env.npm_package_version}})\\n\\","<!-- utility2-comment\\n\\","    </a>\\n\\","utility2-comment -->\\n\\","</h1>\\n\\","<h3>{{env.npm_package_description}}</h3>\\n\\","<!-- utility2-comment\\n\\","<h4><a download href=\"assets.app.js\">download standalone app</a></h4>\\n\\","<button class=\"onclick onreset\" id=\"testRunButton1\">run internal test</button><br>\\n\\","<div id=\"testReportDiv1\" style=\"display: none;\"></div>\\n\\","utility2-comment -->\\n\\","\\n\\","\\n\\","\\n\\","<label>stderr and stdout</label>\\n\\","<textarea class=\"resettable\" id=\"outputTextareaStdout1\" readonly></textarea>\\n\\","<!-- utility2-comment\\n\\","{{#if isRollup}}\\n\\","<script src=\"assets.app.js\"></script>\\n\\","{{#unless isRollup}}\\n\\","utility2-comment -->\\n\\","<script src=\"assets.utility2.rollup.js\"></script>\\n\\","<script src=\"jsonp.utility2._stateInit?callback=window.utility2._stateInit\"></script>\\n\\","<script src=\"assets.npmtest_redux_saga.rollup.js\"></script>\\n\\","<script src=\"assets.example.js\"></script>\\n\\","<script src=\"assets.test.js\"></script>\\n\\","<!-- utility2-comment\\n\\","{{/if isRollup}}\\n\\","utility2-comment -->\\n\\","<div class=\"utility2FooterDiv\">\\n\\","    [ this app was created with\\n\\","    <a href=\"https://github.com/kaizhu256/node-utility2\" target=\"_blank\">utility2</a>\\n\\","    ]\\n\\","</div>\\n\\","</body>\\n\\","</html>\\n\\","';","        /* jslint-ignore-end */","        if (local.templateRender) {","            local.assetsDict['/'] = local.templateRender(","                local.assetsDict['/assets.index.template.html'],","                {","                    env: local.objectSetDefault(local.env, {","                        npm_package_description: 'the greatest app in the world!',","                        npm_package_name: 'my-app',","                        npm_package_nameAlias: 'my_app',","                        npm_package_version: '0.0.1'","                    })","                }","            );","        } else {","            local.assetsDict['/'] = local.assetsDict['/assets.index.template.html']","                .replace((/\\{\\{env\\.(\\w+?)\\}\\}/g), function (match0, match1) {","                    // jslint-hack","                    String(match0);","                    switch (match1) {","                    case 'npm_package_description':","                        return 'the greatest app in the world!';","                    case 'npm_package_name':","                        return 'my-app';","                    case 'npm_package_nameAlias':","                        return 'my_app';","                    case 'npm_package_version':","                        return '0.0.1';","                    }","                });","        }","        // run the cli","        if (local.global.utility2_rollup || module !== require.main) {","            break;","        }","        local.assetsDict['/assets.example.js'] =","            local.assetsDict['/assets.example.js'] ||","            local.fs.readFileSync(__filename, 'utf8');","        // bug-workaround - long $npm_package_buildCustomOrg","        /* jslint-ignore-begin */","        local.assetsDict['/assets.npmtest_redux_saga.rollup.js'] =","            local.assetsDict['/assets.npmtest_redux_saga.rollup.js'] ||","            local.fs.readFileSync(","                local.npmtest_redux_saga.__dirname + '/lib.npmtest_redux_saga.js',","                'utf8'","            ).replace((/^#!/), '//');","        /* jslint-ignore-end */","        local.assetsDict['/favicon.ico'] = local.assetsDict['/favicon.ico'] || '';","        // if $npm_config_timeout_exit exists,","        // then exit this process after $npm_config_timeout_exit ms","        if (Number(process.env.npm_config_timeout_exit)) {","            setTimeout(process.exit, Number(process.env.npm_config_timeout_exit));","        }","        // start server","        if (local.global.utility2_serverHttp1) {","            break;","        }","        process.env.PORT = process.env.PORT || '8081';","        console.error('server starting on port ' + process.env.PORT);","        local.http.createServer(function (request, response) {","            request.urlParsed = local.url.parse(request.url);","            if (local.assetsDict[request.urlParsed.pathname] !== undefined) {","                response.end(local.assetsDict[request.urlParsed.pathname]);","                return;","            }","            response.statusCode = 404;","            response.end();","        }).listen(process.env.PORT);","        break;","    }","}());",""],"l":{"26":2,"28":2,"33":2,"35":2,"37":2,"38":2,"39":2,"44":1,"51":2,"55":2,"59":2,"61":2,"69":1,"70":2,"76":2,"79":2,"82":2,"83":2,"85":1,"89":2,"92":1,"93":1,"94":1,"96":1,"97":1,"100":1,"101":1,"103":1,"106":1,"108":2,"114":1,"116":1,"118":1,"123":1,"124":2,"125":2,"126":3,"127":3,"128":3,"129":3,"130":1,"133":3,"134":3,"139":3,"143":1,"144":3,"145":1,"149":1,"150":1,"158":1,"160":1,"161":1,"162":1,"164":1,"166":1,"258":1,"259":1,"271":1,"274":6,"275":6,"277":1,"279":2,"281":1,"283":2,"288":1,"289":1,"291":1,"296":1,"303":1,"306":1,"307":1,"310":1,"311":1,"313":1,"314":1,"315":1,"316":1,"317":1,"318":1,"319":1,"321":1,"322":1,"324":1}},"/home/travis/build/npmtest/node-npmtest-redux-saga/node_modules/redux-saga/lib/index.js":{"path":"/home/travis/build/npmtest/node-npmtest-redux-saga/node_modules/redux-saga/lib/index.js","s":{"1":1,"2":1,"3":1,"4":1,"5":2,"6":1,"7":1,"8":2,"9":1,"10":2,"11":1,"12":2,"13":1,"14":1,"15":2,"16":1,"17":1,"18":2,"19":1,"20":2,"21":1,"22":2,"23":1,"24":1,"25":2,"26":1,"27":2,"28":1,"29":1,"30":1,"31":1,"32":1,"33":1,"34":1,"35":2,"36":2,"37":0,"38":0,"39":0,"40":0,"41":0,"42":0,"43":0,"44":1,"45":1,"46":1,"47":1,"48":1},"b":{"1":[2,0],"2":[2,2],"3":[0,0],"4":[0,0],"5":[1,0],"6":[1,1]},"f":{"1":2,"2":2,"3":2,"4":2,"5":2,"6":2,"7":2,"8":2,"9":2,"10":2,"11":2,"12":1},"fnMap":{"1":{"name":"get","line":12,"loc":{"start":{"line":12,"column":7},"end":{"line":12,"column":22}}},"2":{"name":"get","line":21,"loc":{"start":{"line":21,"column":7},"end":{"line":21,"column":22}}},"3":{"name":"get","line":27,"loc":{"start":{"line":27,"column":7},"end":{"line":27,"column":22}}},"4":{"name":"get","line":33,"loc":{"start":{"line":33,"column":7},"end":{"line":33,"column":22}}},"5":{"name":"get","line":42,"loc":{"start":{"line":42,"column":7},"end":{"line":42,"column":22}}},"6":{"name":"get","line":51,"loc":{"start":{"line":51,"column":7},"end":{"line":51,"column":22}}},"7":{"name":"get","line":57,"loc":{"start":{"line":57,"column":7},"end":{"line":57,"column":22}}},"8":{"name":"get","line":63,"loc":{"start":{"line":63,"column":7},"end":{"line":63,"column":22}}},"9":{"name":"get","line":72,"loc":{"start":{"line":72,"column":7},"end":{"line":72,"column":22}}},"10":{"name":"get","line":78,"loc":{"start":{"line":78,"column":7},"end":{"line":78,"column":22}}},"11":{"name":"_interopRequireWildcard","line":95,"loc":{"start":{"line":95,"column":0},"end":{"line":95,"column":38}}},"12":{"name":"_interopRequireDefault","line":97,"loc":{"start":{"line":97,"column":0},"end":{"line":97,"column":37}}}},"statementMap":{"1":{"start":{"line":3,"column":0},"end":{"line":5,"column":3}},"2":{"start":{"line":6,"column":0},"end":{"line":6,"column":228}},"3":{"start":{"line":8,"column":0},"end":{"line":8,"column":45}},"4":{"start":{"line":10,"column":0},"end":{"line":15,"column":3}},"5":{"start":{"line":13,"column":4},"end":{"line":13,"column":28}},"6":{"start":{"line":17,"column":0},"end":{"line":17,"column":45}},"7":{"start":{"line":19,"column":0},"end":{"line":24,"column":3}},"8":{"start":{"line":22,"column":4},"end":{"line":22,"column":24}},"9":{"start":{"line":25,"column":0},"end":{"line":30,"column":3}},"10":{"start":{"line":28,"column":4},"end":{"line":28,"column":33}},"11":{"start":{"line":31,"column":0},"end":{"line":36,"column":3}},"12":{"start":{"line":34,"column":4},"end":{"line":34,"column":28}},"13":{"start":{"line":38,"column":0},"end":{"line":38,"column":45}},"14":{"start":{"line":40,"column":0},"end":{"line":45,"column":3}},"15":{"start":{"line":43,"column":4},"end":{"line":43,"column":28}},"16":{"start":{"line":47,"column":0},"end":{"line":47,"column":53}},"17":{"start":{"line":49,"column":0},"end":{"line":54,"column":3}},"18":{"start":{"line":52,"column":4},"end":{"line":52,"column":34}},"19":{"start":{"line":55,"column":0},"end":{"line":60,"column":3}},"20":{"start":{"line":58,"column":4},"end":{"line":58,"column":35}},"21":{"start":{"line":61,"column":0},"end":{"line":66,"column":3}},"22":{"start":{"line":64,"column":4},"end":{"line":64,"column":33}},"23":{"start":{"line":68,"column":0},"end":{"line":68,"column":41}},"24":{"start":{"line":70,"column":0},"end":{"line":75,"column":3}},"25":{"start":{"line":73,"column":4},"end":{"line":73,"column":24}},"26":{"start":{"line":76,"column":0},"end":{"line":81,"column":3}},"27":{"start":{"line":79,"column":4},"end":{"line":79,"column":25}},"28":{"start":{"line":83,"column":0},"end":{"line":83,"column":51}},"29":{"start":{"line":85,"column":0},"end":{"line":85,"column":55}},"30":{"start":{"line":87,"column":0},"end":{"line":87,"column":36}},"31":{"start":{"line":89,"column":0},"end":{"line":89,"column":48}},"32":{"start":{"line":91,"column":0},"end":{"line":91,"column":33}},"33":{"start":{"line":93,"column":0},"end":{"line":93,"column":45}},"34":{"start":{"line":95,"column":0},"end":{"line":95,"column":269}},"35":{"start":{"line":95,"column":40},"end":{"line":95,"column":267}},"36":{"start":{"line":95,"column":69},"end":{"line":95,"column":80}},"37":{"start":{"line":95,"column":90},"end":{"line":95,"column":106}},"38":{"start":{"line":95,"column":107},"end":{"line":95,"column":228}},"39":{"start":{"line":95,"column":126},"end":{"line":95,"column":226}},"40":{"start":{"line":95,"column":149},"end":{"line":95,"column":224}},"41":{"start":{"line":95,"column":201},"end":{"line":95,"column":224}},"42":{"start":{"line":95,"column":229},"end":{"line":95,"column":250}},"43":{"start":{"line":95,"column":251},"end":{"line":95,"column":265}},"44":{"start":{"line":97,"column":0},"end":{"line":97,"column":95}},"45":{"start":{"line":97,"column":39},"end":{"line":97,"column":93}},"46":{"start":{"line":99,"column":0},"end":{"line":99,"column":39}},"47":{"start":{"line":100,"column":0},"end":{"line":100,"column":26}},"48":{"start":{"line":101,"column":0},"end":{"line":101,"column":22}}},"branchMap":{"1":{"line":95,"type":"if","locations":[{"start":{"line":95,"column":40},"end":{"line":95,"column":40}},{"start":{"line":95,"column":40},"end":{"line":95,"column":40}}]},"2":{"line":95,"type":"binary-expr","locations":[{"start":{"line":95,"column":44},"end":{"line":95,"column":47}},{"start":{"line":95,"column":51},"end":{"line":95,"column":65}}]},"3":{"line":95,"type":"if","locations":[{"start":{"line":95,"column":107},"end":{"line":95,"column":107}},{"start":{"line":95,"column":107},"end":{"line":95,"column":107}}]},"4":{"line":95,"type":"if","locations":[{"start":{"line":95,"column":149},"end":{"line":95,"column":149}},{"start":{"line":95,"column":149},"end":{"line":95,"column":149}}]},"5":{"line":97,"type":"cond-expr","locations":[{"start":{"line":97,"column":70},"end":{"line":97,"column":73}},{"start":{"line":97,"column":76},"end":{"line":97,"column":92}}]},"6":{"line":97,"type":"binary-expr","locations":[{"start":{"line":97,"column":46},"end":{"line":97,"column":49}},{"start":{"line":97,"column":53},"end":{"line":97,"column":67}}]}},"code":["'use strict';","","Object.defineProperty(exports, \"__esModule\", {","  value: true","});","exports.utils = exports.effects = exports.CANCEL = exports.delay = exports.throttle = exports.takeLatest = exports.takeEvery = exports.buffers = exports.channel = exports.eventChannel = exports.END = exports.runSaga = undefined;","","var _runSaga = require('./internal/runSaga');","","Object.defineProperty(exports, 'runSaga', {","  enumerable: true,","  get: function get() {","    return _runSaga.runSaga;","  }","});","","var _channel = require('./internal/channel');","","Object.defineProperty(exports, 'END', {","  enumerable: true,","  get: function get() {","    return _channel.END;","  }","});","Object.defineProperty(exports, 'eventChannel', {","  enumerable: true,","  get: function get() {","    return _channel.eventChannel;","  }","});","Object.defineProperty(exports, 'channel', {","  enumerable: true,","  get: function get() {","    return _channel.channel;","  }","});","","var _buffers = require('./internal/buffers');","","Object.defineProperty(exports, 'buffers', {","  enumerable: true,","  get: function get() {","    return _buffers.buffers;","  }","});","","var _sagaHelpers = require('./internal/sagaHelpers');","","Object.defineProperty(exports, 'takeEvery', {","  enumerable: true,","  get: function get() {","    return _sagaHelpers.takeEvery;","  }","});","Object.defineProperty(exports, 'takeLatest', {","  enumerable: true,","  get: function get() {","    return _sagaHelpers.takeLatest;","  }","});","Object.defineProperty(exports, 'throttle', {","  enumerable: true,","  get: function get() {","    return _sagaHelpers.throttle;","  }","});","","var _utils = require('./internal/utils');","","Object.defineProperty(exports, 'delay', {","  enumerable: true,","  get: function get() {","    return _utils.delay;","  }","});","Object.defineProperty(exports, 'CANCEL', {","  enumerable: true,","  get: function get() {","    return _utils.CANCEL;","  }","});","","var _middleware = require('./internal/middleware');","","var _middleware2 = _interopRequireDefault(_middleware);","","var _effects = require('./effects');","","var effects = _interopRequireWildcard(_effects);","","var _utils2 = require('./utils');","","var utils = _interopRequireWildcard(_utils2);","","function _interopRequireWildcard(obj) { if (obj && obj.__esModule) { return obj; } else { var newObj = {}; if (obj != null) { for (var key in obj) { if (Object.prototype.hasOwnProperty.call(obj, key)) newObj[key] = obj[key]; } } newObj.default = obj; return newObj; } }","","function _interopRequireDefault(obj) { return obj && obj.__esModule ? obj : { default: obj }; }","","exports.default = _middleware2.default;","exports.effects = effects;","exports.utils = utils;"],"l":{"3":1,"6":1,"8":1,"10":1,"13":2,"17":1,"19":1,"22":2,"25":1,"28":2,"31":1,"34":2,"38":1,"40":1,"43":2,"47":1,"49":1,"52":2,"55":1,"58":2,"61":1,"64":2,"68":1,"70":1,"73":2,"76":1,"79":2,"83":1,"85":1,"87":1,"89":1,"91":1,"93":1,"95":2,"97":1,"99":1,"100":1,"101":1}},"/home/travis/build/npmtest/node-npmtest-redux-saga/node_modules/redux-saga/lib/internal/runSaga.js":{"path":"/home/travis/build/npmtest/node-npmtest-redux-saga/node_modules/redux-saga/lib/internal/runSaga.js","s":{"1":1,"2":1,"3":1,"4":1,"5":1,"6":1,"7":1,"8":1,"9":0,"10":0,"11":0,"12":0,"13":0,"14":0,"15":0,"16":0,"17":0},"b":{"1":[1,0],"2":[1,1],"3":[0,0],"4":[0,0]},"f":{"1":1,"2":0},"fnMap":{"1":{"name":"_interopRequireDefault","line":14,"loc":{"start":{"line":14,"column":0},"end":{"line":14,"column":37}}},"2":{"name":"runSaga","line":16,"loc":{"start":{"line":16,"column":0},"end":{"line":16,"column":33}}}},"statementMap":{"1":{"start":{"line":3,"column":0},"end":{"line":5,"column":3}},"2":{"start":{"line":6,"column":0},"end":{"line":6,"column":26}},"3":{"start":{"line":8,"column":0},"end":{"line":8,"column":32}},"4":{"start":{"line":10,"column":0},"end":{"line":10,"column":30}},"5":{"start":{"line":12,"column":0},"end":{"line":12,"column":43}},"6":{"start":{"line":14,"column":0},"end":{"line":14,"column":95}},"7":{"start":{"line":14,"column":39},"end":{"line":14,"column":93}},"8":{"start":{"line":16,"column":0},"end":{"line":38,"column":1}},"9":{"start":{"line":17,"column":2},"end":{"line":22,"column":29}},"10":{"start":{"line":25,"column":2},"end":{"line":25,"column":91}},"11":{"start":{"line":27,"column":2},"end":{"line":27,"column":35}},"12":{"start":{"line":28,"column":2},"end":{"line":30,"column":3}},"13":{"start":{"line":29,"column":4},"end":{"line":29,"column":137}},"14":{"start":{"line":31,"column":2},"end":{"line":31,"column":193}},"15":{"start":{"line":33,"column":2},"end":{"line":35,"column":3}},"16":{"start":{"line":34,"column":4},"end":{"line":34,"column":47}},"17":{"start":{"line":37,"column":2},"end":{"line":37,"column":14}}},"branchMap":{"1":{"line":14,"type":"cond-expr","locations":[{"start":{"line":14,"column":70},"end":{"line":14,"column":73}},{"start":{"line":14,"column":76},"end":{"line":14,"column":92}}]},"2":{"line":14,"type":"binary-expr","locations":[{"start":{"line":14,"column":46},"end":{"line":14,"column":49}},{"start":{"line":14,"column":53},"end":{"line":14,"column":67}}]},"3":{"line":28,"type":"if","locations":[{"start":{"line":28,"column":2},"end":{"line":28,"column":2}},{"start":{"line":28,"column":2},"end":{"line":28,"column":2}}]},"4":{"line":33,"type":"if","locations":[{"start":{"line":33,"column":2},"end":{"line":33,"column":2}},{"start":{"line":33,"column":2},"end":{"line":33,"column":2}}]}},"code":["'use strict';","","Object.defineProperty(exports, \"__esModule\", {","  value: true","});","exports.runSaga = runSaga;","","var _utils = require('./utils');","","var _proc = require('./proc');","","var _proc2 = _interopRequireDefault(_proc);","","function _interopRequireDefault(obj) { return obj && obj.__esModule ? obj : { default: obj }; }","","function runSaga(iterator, _ref) {","  var subscribe = _ref.subscribe,","      dispatch = _ref.dispatch,","      getState = _ref.getState,","      sagaMonitor = _ref.sagaMonitor,","      logger = _ref.logger,","      onError = _ref.onError;","","","  (0, _utils.check)(iterator, _utils.is.iterator, \"runSaga must be called on an iterator\");","","  var effectId = (0, _utils.uid)();","  if (sagaMonitor) {","    sagaMonitor.effectTriggered({ effectId: effectId, root: true, parentEffectId: 0, effect: { root: true, saga: iterator, args: [] } });","  }","  var task = (0, _proc2.default)(iterator, subscribe, (0, _utils.wrapSagaDispatch)(dispatch), getState, { sagaMonitor: sagaMonitor, logger: logger, onError: onError }, effectId, iterator.name);","","  if (sagaMonitor) {","    sagaMonitor.effectResolved(effectId, task);","  }","","  return task;","}"],"l":{"3":1,"6":1,"8":1,"10":1,"12":1,"14":1,"16":1,"17":0,"25":0,"27":0,"28":0,"29":0,"31":0,"33":0,"34":0,"37":0}},"/home/travis/build/npmtest/node-npmtest-redux-saga/node_modules/redux-saga/lib/internal/utils.js":{"path":"/home/travis/build/npmtest/node-npmtest-redux-saga/node_modules/redux-saga/lib/internal/utils.js","s":{"1":1,"2":1,"3":0,"4":0,"5":0,"6":0,"7":0,"8":0,"9":1,"10":0,"11":0,"12":1,"13":1,"14":1,"15":1,"16":1,"17":1,"18":1,"19":1,"20":1,"21":1,"22":1,"23":1,"24":1,"25":0,"26":0,"27":0,"28":0,"29":1,"30":7,"31":1,"32":1,"33":1,"34":1,"35":1,"36":1,"37":1,"38":2,"39":0,"40":1,"41":1,"42":1,"43":1,"44":0,"45":1,"46":1,"47":0,"48":0,"49":0,"50":1,"51":1,"52":0,"53":1,"54":0,"55":0,"56":0,"57":0,"58":0,"59":0,"60":0,"61":0,"62":0,"63":0,"64":0,"65":0,"66":0,"67":0,"68":1,"69":0,"70":0,"71":0,"72":1,"73":0,"74":0,"75":0,"76":0,"77":0,"78":0,"79":0,"80":1,"81":0,"82":0,"83":0,"84":0,"85":1,"86":0,"87":0,"88":0,"89":0,"90":0,"91":0,"92":0,"93":0,"94":1,"95":0,"96":0,"97":0,"98":0,"99":0,"100":0,"101":0,"102":0,"103":0,"104":0,"105":1,"106":1,"107":1,"108":0,"109":1,"110":1,"111":0,"112":1,"113":0,"114":1,"115":0,"116":0,"117":0,"118":0,"119":0,"120":0,"121":0,"122":0,"123":0,"124":0,"125":1,"126":0,"127":0,"128":0,"129":0,"130":1,"131":5,"132":0,"133":0,"134":0,"135":1,"136":0,"137":1,"138":0,"139":0,"140":0},"b":{"1":[1,0],"2":[0,0],"3":[1,0],"4":[1,1],"5":[0,0],"6":[0,0,0,0],"7":[0,0],"8":[0,0],"9":[0,0],"10":[0,0],"11":[0,0],"12":[0,0],"13":[0,0,0],"14":[0,0],"15":[0,0],"16":[0,0],"17":[0,0],"18":[0,0,0,0],"19":[0,0,0,0,0],"20":[0,0],"21":[0,0,0],"22":[0,0],"23":[0,0],"24":[0,0],"25":[0,0],"26":[0,0],"27":[0,0],"28":[0,0],"29":[0,1],"30":[1,0],"31":[0,0],"32":[0,0],"33":[0,0],"34":[0,0],"35":[0,0],"36":[0,0],"37":[0,0],"38":[0,0],"39":[0,0],"40":[0,0,0],"41":[0,0]},"f":{"1":0,"2":0,"3":0,"4":0,"5":7,"6":2,"7":0,"8":0,"9":0,"10":0,"11":0,"12":0,"13":0,"14":0,"15":0,"16":0,"17":0,"18":0,"19":0,"20":0,"21":0,"22":0,"23":0,"24":0,"25":0,"26":0,"27":0,"28":0,"29":0,"30":0,"31":0,"32":0,"33":0,"34":0,"35":0,"36":0,"37":0,"38":0,"39":0,"40":0,"41":1,"42":0,"43":0,"44":0,"45":0,"46":0,"47":0,"48":5,"49":0,"50":0,"51":0,"52":0},"fnMap":{"1":{"name":"(anonymous_1)","line":7,"loc":{"start":{"line":7,"column":32},"end":{"line":7,"column":50}}},"2":{"name":"(anonymous_2)","line":9,"loc":{"start":{"line":9,"column":84},"end":{"line":9,"column":99}}},"3":{"name":"(anonymous_3)","line":9,"loc":{"start":{"line":9,"column":124},"end":{"line":9,"column":139}}},"4":{"name":"_defineProperty","line":24,"loc":{"start":{"line":24,"column":0},"end":{"line":24,"column":42}}},"5":{"name":"sym","line":26,"loc":{"start":{"line":26,"column":24},"end":{"line":26,"column":41}}},"6":{"name":"konst","line":35,"loc":{"start":{"line":35,"column":28},"end":{"line":35,"column":46}}},"7":{"name":"(anonymous_7)","line":36,"loc":{"start":{"line":36,"column":9},"end":{"line":36,"column":21}}},"8":{"name":"noop","line":42,"loc":{"start":{"line":42,"column":26},"end":{"line":42,"column":42}}},"9":{"name":"ident","line":43,"loc":{"start":{"line":43,"column":28},"end":{"line":43,"column":46}}},"10":{"name":"check","line":49,"loc":{"start":{"line":49,"column":0},"end":{"line":49,"column":40}}},"11":{"name":"hasOwn","line":57,"loc":{"start":{"line":57,"column":0},"end":{"line":57,"column":34}}},"12":{"name":"undef","line":62,"loc":{"start":{"line":62,"column":9},"end":{"line":62,"column":27}}},"13":{"name":"notUndef","line":65,"loc":{"start":{"line":65,"column":12},"end":{"line":65,"column":33}}},"14":{"name":"func","line":68,"loc":{"start":{"line":68,"column":8},"end":{"line":68,"column":25}}},"15":{"name":"number","line":71,"loc":{"start":{"line":71,"column":10},"end":{"line":71,"column":29}}},"16":{"name":"promise","line":75,"loc":{"start":{"line":75,"column":11},"end":{"line":75,"column":31}}},"17":{"name":"iterator","line":78,"loc":{"start":{"line":78,"column":12},"end":{"line":78,"column":34}}},"18":{"name":"iterable","line":81,"loc":{"start":{"line":81,"column":12},"end":{"line":81,"column":34}}},"19":{"name":"task","line":84,"loc":{"start":{"line":84,"column":8},"end":{"line":84,"column":25}}},"20":{"name":"observable","line":87,"loc":{"start":{"line":87,"column":14},"end":{"line":87,"column":38}}},"21":{"name":"buffer","line":90,"loc":{"start":{"line":90,"column":10},"end":{"line":90,"column":31}}},"22":{"name":"pattern","line":93,"loc":{"start":{"line":93,"column":11},"end":{"line":93,"column":33}}},"23":{"name":"channel","line":96,"loc":{"start":{"line":96,"column":11},"end":{"line":96,"column":32}}},"24":{"name":"helper","line":99,"loc":{"start":{"line":99,"column":10},"end":{"line":99,"column":30}}},"25":{"name":"stringableFunc","line":102,"loc":{"start":{"line":102,"column":18},"end":{"line":102,"column":45}}},"26":{"name":"remove","line":107,"loc":{"start":{"line":107,"column":0},"end":{"line":107,"column":29}}},"27":{"name":"deferred","line":114,"loc":{"start":{"line":114,"column":0},"end":{"line":114,"column":20}}},"28":{"name":"(anonymous_28)","line":118,"loc":{"start":{"line":118,"column":28},"end":{"line":118,"column":55}}},"29":{"name":"arrayOfDeffered","line":126,"loc":{"start":{"line":126,"column":0},"end":{"line":126,"column":33}}},"30":{"name":"delay","line":134,"loc":{"start":{"line":134,"column":0},"end":{"line":134,"column":19}}},"31":{"name":"(anonymous_31)","line":138,"loc":{"start":{"line":138,"column":28},"end":{"line":138,"column":47}}},"32":{"name":"(anonymous_32)","line":139,"loc":{"start":{"line":139,"column":27},"end":{"line":139,"column":39}}},"33":{"name":"(anonymous_33)","line":144,"loc":{"start":{"line":144,"column":20},"end":{"line":144,"column":32}}},"34":{"name":"createMockTask","line":151,"loc":{"start":{"line":151,"column":0},"end":{"line":151,"column":26}}},"35":{"name":"isRunning","line":158,"loc":{"start":{"line":158,"column":90},"end":{"line":158,"column":111}}},"36":{"name":"result","line":160,"loc":{"start":{"line":160,"column":38},"end":{"line":160,"column":56}}},"37":{"name":"error","line":162,"loc":{"start":{"line":162,"column":37},"end":{"line":162,"column":54}}},"38":{"name":"setRunning","line":164,"loc":{"start":{"line":164,"column":42},"end":{"line":164,"column":65}}},"39":{"name":"setResult","line":166,"loc":{"start":{"line":166,"column":41},"end":{"line":166,"column":63}}},"40":{"name":"setError","line":168,"loc":{"start":{"line":168,"column":40},"end":{"line":168,"column":61}}},"41":{"name":"autoInc","line":173,"loc":{"start":{"line":173,"column":0},"end":{"line":173,"column":19}}},"42":{"name":"(anonymous_42)","line":176,"loc":{"start":{"line":176,"column":9},"end":{"line":176,"column":21}}},"43":{"name":"kThrow","line":183,"loc":{"start":{"line":183,"column":13},"end":{"line":183,"column":34}}},"44":{"name":"kReturn","line":186,"loc":{"start":{"line":186,"column":14},"end":{"line":186,"column":38}}},"45":{"name":"makeIterator","line":189,"loc":{"start":{"line":189,"column":0},"end":{"line":189,"column":28}}},"46":{"name":"(anonymous_46)","line":200,"loc":{"start":{"line":200,"column":32},"end":{"line":200,"column":44}}},"47":{"name":"log","line":212,"loc":{"start":{"line":212,"column":0},"end":{"line":212,"column":29}}},"48":{"name":"deprecate","line":223,"loc":{"start":{"line":223,"column":0},"end":{"line":223,"column":43}}},"49":{"name":"(anonymous_49)","line":224,"loc":{"start":{"line":224,"column":9},"end":{"line":224,"column":21}}},"50":{"name":"internalErr","line":230,"loc":{"start":{"line":230,"column":40},"end":{"line":230,"column":66}}},"51":{"name":"wrapSagaDispatch","line":234,"loc":{"start":{"line":234,"column":0},"end":{"line":234,"column":36}}},"52":{"name":"sagaDispatch","line":235,"loc":{"start":{"line":235,"column":9},"end":{"line":235,"column":39}}}},"statementMap":{"1":{"start":{"line":3,"column":0},"end":{"line":5,"column":3}},"2":{"start":{"line":7,"column":0},"end":{"line":7,"column":257}},"3":{"start":{"line":7,"column":52},"end":{"line":7,"column":239}},"4":{"start":{"line":7,"column":97},"end":{"line":7,"column":123}},"5":{"start":{"line":7,"column":124},"end":{"line":7,"column":237}},"6":{"start":{"line":7,"column":150},"end":{"line":7,"column":235}},"7":{"start":{"line":7,"column":207},"end":{"line":7,"column":233}},"8":{"start":{"line":7,"column":240},"end":{"line":7,"column":254}},"9":{"start":{"line":9,"column":0},"end":{"line":9,"column":269}},"10":{"start":{"line":9,"column":101},"end":{"line":9,"column":119}},"11":{"start":{"line":9,"column":141},"end":{"line":9,"column":266}},"12":{"start":{"line":11,"column":0},"end":{"line":11,"column":22}},"13":{"start":{"line":12,"column":0},"end":{"line":12,"column":24}},"14":{"start":{"line":13,"column":0},"end":{"line":13,"column":24}},"15":{"start":{"line":14,"column":0},"end":{"line":14,"column":28}},"16":{"start":{"line":15,"column":0},"end":{"line":15,"column":42}},"17":{"start":{"line":16,"column":0},"end":{"line":16,"column":22}},"18":{"start":{"line":17,"column":0},"end":{"line":17,"column":40}},"19":{"start":{"line":18,"column":0},"end":{"line":18,"column":26}},"20":{"start":{"line":19,"column":0},"end":{"line":19,"column":36}},"21":{"start":{"line":20,"column":0},"end":{"line":20,"column":18}},"22":{"start":{"line":21,"column":0},"end":{"line":21,"column":30}},"23":{"start":{"line":22,"column":0},"end":{"line":22,"column":44}},"24":{"start":{"line":24,"column":0},"end":{"line":24,"column":209}},"25":{"start":{"line":24,"column":44},"end":{"line":24,"column":195}},"26":{"start":{"line":24,"column":62},"end":{"line":24,"column":166}},"27":{"start":{"line":24,"column":176},"end":{"line":24,"column":193}},"28":{"start":{"line":24,"column":196},"end":{"line":24,"column":207}},"29":{"start":{"line":26,"column":0},"end":{"line":28,"column":2}},"30":{"start":{"line":27,"column":2},"end":{"line":27,"column":30}},"31":{"start":{"line":29,"column":0},"end":{"line":29,"column":38}},"32":{"start":{"line":30,"column":0},"end":{"line":30,"column":44}},"33":{"start":{"line":31,"column":0},"end":{"line":31,"column":41}},"34":{"start":{"line":32,"column":0},"end":{"line":32,"column":51}},"35":{"start":{"line":33,"column":0},"end":{"line":33,"column":59}},"36":{"start":{"line":34,"column":0},"end":{"line":34,"column":77}},"37":{"start":{"line":35,"column":0},"end":{"line":39,"column":2}},"38":{"start":{"line":36,"column":2},"end":{"line":38,"column":4}},"39":{"start":{"line":37,"column":4},"end":{"line":37,"column":13}},"40":{"start":{"line":40,"column":0},"end":{"line":40,"column":40}},"41":{"start":{"line":41,"column":0},"end":{"line":41,"column":43}},"42":{"start":{"line":42,"column":0},"end":{"line":42,"column":45}},"43":{"start":{"line":43,"column":0},"end":{"line":45,"column":2}},"44":{"start":{"line":44,"column":2},"end":{"line":44,"column":11}},"45":{"start":{"line":47,"column":0},"end":{"line":47,"column":67}},"46":{"start":{"line":49,"column":0},"end":{"line":54,"column":1}},"47":{"start":{"line":50,"column":2},"end":{"line":53,"column":3}},"48":{"start":{"line":51,"column":4},"end":{"line":51,"column":45}},"49":{"start":{"line":52,"column":4},"end":{"line":52,"column":27}},"50":{"start":{"line":56,"column":0},"end":{"line":56,"column":53}},"51":{"start":{"line":57,"column":0},"end":{"line":59,"column":1}},"52":{"start":{"line":58,"column":2},"end":{"line":58,"column":70}},"53":{"start":{"line":61,"column":0},"end":{"line":105,"column":2}},"54":{"start":{"line":63,"column":4},"end":{"line":63,"column":41}},"55":{"start":{"line":66,"column":4},"end":{"line":66,"column":41}},"56":{"start":{"line":69,"column":4},"end":{"line":69,"column":35}},"57":{"start":{"line":72,"column":4},"end":{"line":72,"column":33}},"58":{"start":{"line":76,"column":4},"end":{"line":76,"column":32}},"59":{"start":{"line":79,"column":4},"end":{"line":79,"column":55}},"60":{"start":{"line":82,"column":4},"end":{"line":82,"column":79}},"61":{"start":{"line":85,"column":4},"end":{"line":85,"column":24}},"62":{"start":{"line":88,"column":4},"end":{"line":88,"column":39}},"63":{"start":{"line":91,"column":4},"end":{"line":91,"column":80}},"64":{"start":{"line":94,"column":4},"end":{"line":94,"column":151}},"65":{"start":{"line":97,"column":4},"end":{"line":97,"column":55}},"66":{"start":{"line":100,"column":4},"end":{"line":100,"column":28}},"67":{"start":{"line":103,"column":4},"end":{"line":103,"column":47}},"68":{"start":{"line":107,"column":0},"end":{"line":112,"column":1}},"69":{"start":{"line":108,"column":2},"end":{"line":108,"column":34}},"70":{"start":{"line":109,"column":2},"end":{"line":111,"column":3}},"71":{"start":{"line":110,"column":4},"end":{"line":110,"column":27}},"72":{"start":{"line":114,"column":0},"end":{"line":124,"column":1}},"73":{"start":{"line":115,"column":2},"end":{"line":115,"column":85}},"74":{"start":{"line":117,"column":2},"end":{"line":117,"column":32}},"75":{"start":{"line":118,"column":2},"end":{"line":121,"column":5}},"76":{"start":{"line":119,"column":4},"end":{"line":119,"column":26}},"77":{"start":{"line":120,"column":4},"end":{"line":120,"column":24}},"78":{"start":{"line":122,"column":2},"end":{"line":122,"column":24}},"79":{"start":{"line":123,"column":2},"end":{"line":123,"column":13}},"80":{"start":{"line":126,"column":0},"end":{"line":132,"column":1}},"81":{"start":{"line":127,"column":2},"end":{"line":127,"column":15}},"82":{"start":{"line":128,"column":2},"end":{"line":130,"column":3}},"83":{"start":{"line":129,"column":4},"end":{"line":129,"column":25}},"84":{"start":{"line":131,"column":2},"end":{"line":131,"column":13}},"85":{"start":{"line":134,"column":0},"end":{"line":149,"column":1}},"86":{"start":{"line":135,"column":2},"end":{"line":135,"column":85}},"87":{"start":{"line":137,"column":2},"end":{"line":137,"column":25}},"88":{"start":{"line":138,"column":2},"end":{"line":142,"column":5}},"89":{"start":{"line":139,"column":4},"end":{"line":141,"column":11}},"90":{"start":{"line":140,"column":6},"end":{"line":140,"column":26}},"91":{"start":{"line":144,"column":2},"end":{"line":146,"column":4}},"92":{"start":{"line":145,"column":4},"end":{"line":145,"column":35}},"93":{"start":{"line":148,"column":2},"end":{"line":148,"column":17}},"94":{"start":{"line":151,"column":0},"end":{"line":171,"column":1}},"95":{"start":{"line":152,"column":2},"end":{"line":152,"column":11}},"96":{"start":{"line":154,"column":2},"end":{"line":154,"column":21}},"97":{"start":{"line":155,"column":2},"end":{"line":156,"column":22}},"98":{"start":{"line":158,"column":2},"end":{"line":170,"column":11}},"99":{"start":{"line":159,"column":4},"end":{"line":159,"column":19}},"100":{"start":{"line":161,"column":4},"end":{"line":161,"column":19}},"101":{"start":{"line":163,"column":4},"end":{"line":163,"column":18}},"102":{"start":{"line":165,"column":4},"end":{"line":165,"column":23}},"103":{"start":{"line":167,"column":4},"end":{"line":167,"column":23}},"104":{"start":{"line":169,"column":4},"end":{"line":169,"column":22}},"105":{"start":{"line":173,"column":0},"end":{"line":179,"column":1}},"106":{"start":{"line":174,"column":2},"end":{"line":174,"column":83}},"107":{"start":{"line":176,"column":2},"end":{"line":178,"column":4}},"108":{"start":{"line":177,"column":4},"end":{"line":177,"column":18}},"109":{"start":{"line":181,"column":0},"end":{"line":181,"column":34}},"110":{"start":{"line":183,"column":0},"end":{"line":185,"column":2}},"111":{"start":{"line":184,"column":2},"end":{"line":184,"column":12}},"112":{"start":{"line":186,"column":0},"end":{"line":188,"column":2}},"113":{"start":{"line":187,"column":2},"end":{"line":187,"column":38}},"114":{"start":{"line":189,"column":0},"end":{"line":205,"column":1}},"115":{"start":{"line":190,"column":2},"end":{"line":190,"column":88}},"116":{"start":{"line":191,"column":2},"end":{"line":191,"column":84}},"117":{"start":{"line":192,"column":2},"end":{"line":192,"column":30}},"118":{"start":{"line":194,"column":2},"end":{"line":194,"column":74}},"119":{"start":{"line":196,"column":2},"end":{"line":198,"column":3}},"120":{"start":{"line":197,"column":4},"end":{"line":197,"column":28}},"121":{"start":{"line":199,"column":2},"end":{"line":203,"column":3}},"122":{"start":{"line":200,"column":4},"end":{"line":202,"column":6}},"123":{"start":{"line":201,"column":6},"end":{"line":201,"column":22}},"124":{"start":{"line":204,"column":2},"end":{"line":204,"column":18}},"125":{"start":{"line":212,"column":0},"end":{"line":221,"column":1}},"126":{"start":{"line":213,"column":2},"end":{"line":213,"column":85}},"127":{"start":{"line":216,"column":2},"end":{"line":220,"column":3}},"128":{"start":{"line":217,"column":4},"end":{"line":217,"column":97}},"129":{"start":{"line":219,"column":4},"end":{"line":219,"column":35}},"130":{"start":{"line":223,"column":0},"end":{"line":228,"column":1}},"131":{"start":{"line":224,"column":2},"end":{"line":227,"column":4}},"132":{"start":{"line":225,"column":4},"end":{"line":225,"column":47}},"133":{"start":{"line":225,"column":15},"end":{"line":225,"column":47}},"
[...]
_proc);","","var _channel = require('./channel');","","function _interopRequireDefault(obj) { return obj && obj.__esModule ? obj : { default: obj }; }","","function _toConsumableArray(arr) { if (Array.isArray(arr)) { for (var i = 0, arr2 = Array(arr.length); i < arr.length; i++) { arr2[i] = arr[i]; } return arr2; } else { return Array.from(arr); } }","","function sagaMiddlewareFactory() {","  var options = arguments.length > 0 && arguments[0] !== undefined ? arguments[0] : {};","","  var runSagaDynamically = void 0;","  var sagaMonitor = options.sagaMonitor;","","  // monitors are expected to have a certain interface, let's fill-in any missing ones","","  if (sagaMonitor) {","    sagaMonitor.effectTriggered = sagaMonitor.effectTriggered || _utils.noop;","    sagaMonitor.effectResolved = sagaMonitor.effectResolved || _utils.noop;","    sagaMonitor.effectRejected = sagaMonitor.effectRejected || _utils.noop;","    sagaMonitor.effectCancelled = sagaMonitor.effectCancelled || _utils.noop;","    sagaMonitor.actionDispatched = sagaMonitor.actionDispatched || _utils.noop;","  }","","  if (_utils.is.func(options)) {","    if (process.env.NODE_ENV === 'production') {","      throw new Error('Saga middleware no longer accept Generator functions. Use sagaMiddleware.run instead');","    } else {","      throw new Error('You passed a function to the Saga middleware. You are likely trying to start a        Saga by directly passing it to the middleware. This is no longer possible starting from 0.10.0.        To run a Saga, you must do it dynamically AFTER mounting the middleware into the store.\\n        Example:\\n          import createSagaMiddleware from \\'redux-saga\\'\\n          ... other imports\\n\\n          const sagaMiddleware = createSagaMiddleware()\\n          const store = createStore(reducer, applyMiddleware(sagaMiddleware))\\n          sagaMiddleware.run(saga, ...args)\\n      ');","    }","  }","","  if (options.logger && !_utils.is.func(options.logger)) {","    throw new Error('`options.logger` passed to the Saga middleware is not a function!');","  }","","  if (options.onerror) {","    if (_utils.isDev) (0, _utils.log)('warn', '`options.onerror` is deprecated. Use `options.onError` instead.');","    options.onError = options.onerror;","    delete options.onerror;","  }","","  if (options.onError && !_utils.is.func(options.onError)) {","    throw new Error('`options.onError` passed to the Saga middleware is not a function!');","  }","","  if (options.emitter && !_utils.is.func(options.emitter)) {","    throw new Error('`options.emitter` passed to the Saga middleware is not a function!');","  }","","  function sagaMiddleware(_ref) {","    var getState = _ref.getState,","        dispatch = _ref.dispatch;","","    runSagaDynamically = runSaga;","    var sagaEmitter = (0, _channel.emitter)();","    sagaEmitter.emit = (options.emitter || _utils.ident)(sagaEmitter.emit);","    var sagaDispatch = (0, _utils.wrapSagaDispatch)(dispatch);","","    function runSaga(saga, args, sagaId) {","      return (0, _proc2.default)(saga.apply(undefined, _toConsumableArray(args)), sagaEmitter.subscribe, sagaDispatch, getState, options, sagaId, saga.name);","    }","","    return function (next) {","      return function (action) {","        if (sagaMonitor) {","          sagaMonitor.actionDispatched(action);","        }","        var result = next(action); // hit reducers","        sagaEmitter.emit(action);","        return result;","      };","    };","  }","","  sagaMiddleware.run = function (saga) {","    for (var _len = arguments.length, args = Array(_len > 1 ? _len - 1 : 0), _key = 1; _key < _len; _key++) {","      args[_key - 1] = arguments[_key];","    }","","    (0, _utils.check)(runSagaDynamically, _utils.is.notUndef, 'Before running a Saga, you must mount the Saga middleware on the Store using applyMiddleware');","    (0, _utils.check)(saga, _utils.is.func, 'sagaMiddleware.run(saga, ...args): saga argument must be a Generator function!');","","    var effectId = (0, _utils.uid)();","    if (sagaMonitor) {","      sagaMonitor.effectTriggered({ effectId: effectId, root: true, parentEffectId: 0, effect: { root: true, saga: saga, args: args } });","    }","    var task = runSagaDynamically(saga, args, effectId);","    if (sagaMonitor) {","      sagaMonitor.effectResolved(effectId, task);","    }","    return task;","  };","","  return sagaMiddleware;","}"],"l":{"3":1,"6":1,"8":1,"10":1,"12":1,"14":1,"16":1,"18":1,"20":1,"21":0,"23":0,"24":0,"28":0,"29":0,"30":0,"31":0,"32":0,"33":0,"36":0,"37":0,"38":0,"40":0,"44":0,"45":0,"48":0,"49":0,"50":0,"51":0,"54":0,"55":0,"58":0,"59":0,"62":1,"63":0,"66":0,"67":0,"68":0,"69":0,"71":1,"72":0,"75":0,"76":0,"77":0,"78":0,"80":0,"81":0,"82":0,"87":0,"88":0,"89":0,"92":0,"93":0,"95":0,"96":0,"97":0,"99":0,"100":0,"101":0,"103":0,"106":0}},"/home/travis/build/npmtest/node-npmtest-redux-saga/node_modules/redux-saga/lib/effects.js":{"path":"/home/travis/build/npmtest/node-npmtest-redux-saga/node_modules/redux-saga/lib/effects.js","s":{"1":1,"2":1,"3":1,"4":16,"5":1,"6":14,"7":1,"8":14,"9":1,"10":14,"11":1,"12":14,"13":1,"14":14,"15":1,"16":14,"17":1,"18":14,"19":1,"20":14,"21":1,"22":14,"23":1,"24":14,"25":1,"26":14,"27":1,"28":14,"29":1,"30":14,"31":1,"32":14,"33":1,"34":14,"35":1,"36":14,"37":1,"38":14},"b":{},"f":{"1":16,"2":14,"3":14,"4":14,"5":14,"6":14,"7":14,"8":14,"9":14,"10":14,"11":14,"12":14,"13":14,"14":14,"15":14,"16":14,"17":14,"18":14},"fnMap":{"1":{"name":"get","line":11,"loc":{"start":{"line":11,"column":7},"end":{"line":11,"column":22}}},"2":{"name":"get","line":17,"loc":{"start":{"line":17,"column":7},"end":{"line":17,"column":22}}},"3":{"name":"get","line":23,"loc":{"start":{"line":23,"column":7},"end":{"line":23,"column":22}}},"4":{"name":"get","line":29,"loc":{"start":{"line":29,"column":7},"end":{"line":29,"column":22}}},"5":{"name":"get","line":35,"loc":{"start":{"line":35,"column":7},"end":{"line":35,"column":22}}},"6":{"name":"get","line":41,"loc":{"start":{"line":41,"column":7},"end":{"line":41,"column":22}}},"7":{"name":"get","line":47,"loc":{"start":{"line":47,"column":7},"end":{"line":47,"column":22}}},"8":{"name":"get","line":53,"loc":{"start":{"line":53,"column":7},"end":{"line":53,"column":22}}},"9":{"name":"get","line":59,"loc":{"start":{"line":59,"column":7},"end":{"line":59,"column":22}}},"10":{"name":"get","line":65,"loc":{"start":{"line":65,"column":7},"end":{"line":65,"column":22}}},"11":{"name":"get","line":71,"loc":{"start":{"line":71,"column":7},"end":{"line":71,"column":22}}},"12":{"name":"get","line":77,"loc":{"start":{"line":77,"column":7},"end":{"line":77,"column":22}}},"13":{"name":"get","line":83,"loc":{"start":{"line":83,"column":7},"end":{"line":83,"column":22}}},"14":{"name":"get","line":89,"loc":{"start":{"line":89,"column":7},"end":{"line":89,"column":22}}},"15":{"name":"get","line":95,"loc":{"start":{"line":95,"column":7},"end":{"line":95,"column":22}}},"16":{"name":"get","line":101,"loc":{"start":{"line":101,"column":7},"end":{"line":101,"column":22}}},"17":{"name":"get","line":107,"loc":{"start":{"line":107,"column":7},"end":{"line":107,"column":22}}},"18":{"name":"get","line":113,"loc":{"start":{"line":113,"column":7},"end":{"line":113,"column":22}}}},"statementMap":{"1":{"start":{"line":3,"column":0},"end":{"line":5,"column":3}},"2":{"start":{"line":7,"column":0},"end":{"line":7,"column":35}},"3":{"start":{"line":9,"column":0},"end":{"line":14,"column":3}},"4":{"start":{"line":12,"column":4},"end":{"line":12,"column":20}},"5":{"start":{"line":15,"column":0},"end":{"line":20,"column":3}},"6":{"start":{"line":18,"column":4},"end":{"line":18,"column":21}},"7":{"start":{"line":21,"column":0},"end":{"line":26,"column":3}},"8":{"start":{"line":24,"column":4},"end":{"line":24,"column":19}},"9":{"start":{"line":27,"column":0},"end":{"line":32,"column":3}},"10":{"start":{"line":30,"column":4},"end":{"line":30,"column":20}},"11":{"start":{"line":33,"column":0},"end":{"line":38,"column":3}},"12":{"start":{"line":36,"column":4},"end":{"line":36,"column":20}},"13":{"start":{"line":39,"column":0},"end":{"line":44,"column":3}},"14":{"start":{"line":42,"column":4},"end":{"line":42,"column":21}},"15":{"start":{"line":45,"column":0},"end":{"line":50,"column":3}},"16":{"start":{"line":48,"column":4},"end":{"line":48,"column":19}},"17":{"start":{"line":51,"column":0},"end":{"line":56,"column":3}},"18":{"start":{"line":54,"column":4},"end":{"line":54,"column":20}},"19":{"start":{"line":57,"column":0},"end":{"line":62,"column":3}},"20":{"start":{"line":60,"column":4},"end":{"line":60,"column":21}},"21":{"start":{"line":63,"column":0},"end":{"line":68,"column":3}},"22":{"start":{"line":66,"column":4},"end":{"line":66,"column":20}},"23":{"start":{"line":69,"column":0},"end":{"line":74,"column":3}},"24":{"start":{"line":72,"column":4},"end":{"line":72,"column":22}},"25":{"start":{"line":75,"column":0},"end":{"line":80,"column":3}},"26":{"start":{"line":78,"column":4},"end":{"line":78,"column":22}},"27":{"start":{"line":81,"column":0},"end":{"line":86,"column":3}},"28":{"start":{"line":84,"column":4},"end":{"line":84,"column":29}},"29":{"start":{"line":87,"column":0},"end":{"line":92,"column":3}},"30":{"start":{"line":90,"column":4},"end":{"line":90,"column":25}},"31":{"start":{"line":93,"column":0},"end":{"line":98,"column":3}},"32":{"start":{"line":96,"column":4},"end":{"line":96,"column":21}},"33":{"start":{"line":99,"column":0},"end":{"line":104,"column":3}},"34":{"start":{"line":102,"column":4},"end":{"line":102,"column":25}},"35":{"start":{"line":105,"column":0},"end":{"line":110,"column":3}},"36":{"start":{"line":108,"column":4},"end":{"line":108,"column":26}},"37":{"start":{"line":111,"column":0},"end":{"line":116,"column":3}},"38":{"start":{"line":114,"column":4},"end":{"line":114,"column":24}}},"branchMap":{},"code":["'use strict';","","Object.defineProperty(exports, \"__esModule\", {","  value: true","});","","var _io = require('./internal/io');","","Object.defineProperty(exports, 'take', {","  enumerable: true,","  get: function get() {","    return _io.take;","  }","});","Object.defineProperty(exports, 'takem', {","  enumerable: true,","  get: function get() {","    return _io.takem;","  }","});","Object.defineProperty(exports, 'put', {","  enumerable: true,","  get: function get() {","    return _io.put;","  }","});","Object.defineProperty(exports, 'race', {","  enumerable: true,","  get: function get() {","    return _io.race;","  }","});","Object.defineProperty(exports, 'call', {","  enumerable: true,","  get: function get() {","    return _io.call;","  }","});","Object.defineProperty(exports, 'apply', {","  enumerable: true,","  get: function get() {","    return _io.apply;","  }","});","Object.defineProperty(exports, 'cps', {","  enumerable: true,","  get: function get() {","    return _io.cps;","  }","});","Object.defineProperty(exports, 'fork', {","  enumerable: true,","  get: function get() {","    return _io.fork;","  }","});","Object.defineProperty(exports, 'spawn', {","  enumerable: true,","  get: function get() {","    return _io.spawn;","  }","});","Object.defineProperty(exports, 'join', {","  enumerable: true,","  get: function get() {","    return _io.join;","  }","});","Object.defineProperty(exports, 'cancel', {","  enumerable: true,","  get: function get() {","    return _io.cancel;","  }","});","Object.defineProperty(exports, 'select', {","  enumerable: true,","  get: function get() {","    return _io.select;","  }","});","Object.defineProperty(exports, 'actionChannel', {","  enumerable: true,","  get: function get() {","    return _io.actionChannel;","  }","});","Object.defineProperty(exports, 'cancelled', {","  enumerable: true,","  get: function get() {","    return _io.cancelled;","  }","});","Object.defineProperty(exports, 'flush', {","  enumerable: true,","  get: function get() {","    return _io.flush;","  }","});","Object.defineProperty(exports, 'takeEvery', {","  enumerable: true,","  get: function get() {","    return _io.takeEvery;","  }","});","Object.defineProperty(exports, 'takeLatest', {","  enumerable: true,","  get: function get() {","    return _io.takeLatest;","  }","});","Object.defineProperty(exports, 'throttle', {","  enumerable: true,","  get: function get() {","    return _io.throttle;","  }","});"],"l":{"3":1,"7":1,"9":1,"12":16,"15":1,"18":14,"21":1,"24":14,"27":1,"30":14,"33":1,"36":14,"39":1,"42":14,"45":1,"48":14,"51":1,"54":14,"57":1,"60":14,"63":1,"66":14,"69":1,"72":14,"75":1,"78":14,"81":1,"84":14,"87":1,"90":14,"93":1,"96":14,"99":1,"102":14,"105":1,"108":14,"111":1,"114":14}},"/home/travis/build/npmtest/node-npmtest-redux-saga/node_modules/redux-saga/lib/utils.js":{"path":"/home/travis/build/npmtest/node-npmtest-redux-saga/node_modules/redux-saga/lib/utils.js","s":{"1":1,"2":1,"3":1,"4":16,"5":1,"6":16,"7":1,"8":16,"9":1,"10":14,"11":1,"12":14,"13":1,"14":14,"15":1,"16":14,"17":1,"18":1,"19":14,"20":1,"21":1,"22":14},"b":{},"f":{"1":16,"2":16,"3":16,"4":14,"5":14,"6":14,"7":14,"8":14,"9":14},"fnMap":{"1":{"name":"get","line":11,"loc":{"start":{"line":11,"column":7},"end":{"line":11,"column":22}}},"2":{"name":"get","line":17,"loc":{"start":{"line":17,"column":7},"end":{"line":17,"column":22}}},"3":{"name":"get","line":23,"loc":{"start":{"line":23,"column":7},"end":{"line":23,"column":22}}},"4":{"name":"get","line":29,"loc":{"start":{"line":29,"column":7},"end":{"line":29,"column":22}}},"5":{"name":"get","line":35,"loc":{"start":{"line":35,"column":7},"end":{"line":35,"column":22}}},"6":{"name":"get","line":41,"loc":{"start":{"line":41,"column":7},"end":{"line":41,"column":22}}},"7":{"name":"get","line":47,"loc":{"start":{"line":47,"column":7},"end":{"line":47,"column":22}}},"8":{"name":"get","line":56,"loc":{"start":{"line":56,"column":7},"end":{"line":56,"column":22}}},"9":{"name":"get","line":65,"loc":{"start":{"line":65,"column":7},"end":{"line":65,"column":22}}}},"statementMap":{"1":{"start":{"line":3,"column":0},"end":{"line":5,"column":3}},"2":{"start":{"line":7,"column":0},"end":{"line":7,"column":41}},"3":{"start":{"line":9,"column":0},"end":{"line":14,"column":3}},"4":{"start":{"line":12,"column":4},"end":{"line":12,"column":23}},"5":{"start":{"line":15,"column":0},"end":{"line":20,"column":3}},"6":{"start":{"line":18,"column":4},"end":{"line":18,"column":30}},"7":{"start":{"line":21,"column":0},"end":{"line":26,"column":3}},"8":{"start":{"line":24,"column":4},"end":{"line":24,"column":23}},"9":{"start":{"line":27,"column":0},"end":{"line":32,"column":3}},"10":{"start":{"line":30,"column":4},"end":{"line":30,"column":21}},"11":{"start":{"line":33,"column":0},"end":{"line":38,"column":3}},"12":{"start":{"line":36,"column":4},"end":{"line":36,"column":27}},"13":{"start":{"line":39,"column":0},"end":{"line":44,"column":3}},"14":{"start":{"line":42,"column":4},"end":{"line":42,"column":34}},"15":{"start":{"line":45,"column":0},"end":{"line":50,"column":3}},"16":{"start":{"line":48,"column":4},"end":{"line":48,"column":33}},"17":{"start":{"line":52,"column":0},"end":{"line":52,"column":35}},"18":{"start":{"line":54,"column":0},"end":{"line":59,"column":3}},"19":{"start":{"line":57,"column":4},"end":{"line":57,"column":24}},"20":{"start":{"line":61,"column":0},"end":{"line":61,"column":39}},"21":{"start":{"line":63,"column":0},"end":{"line":68,"column":3}},"22":{"start":{"line":66,"column":4},"end":{"line":66,"column":29}}},"branchMap":{},"code":["'use strict';","","Object.defineProperty(exports, \"__esModule\", {","  value: true","});","","var _utils = require('./internal/utils');","","Object.defineProperty(exports, 'TASK', {","  enumerable: true,","  get: function get() {","    return _utils.TASK;","  }","});","Object.defineProperty(exports, 'SAGA_ACTION', {","  enumerable: true,","  get: function get() {","    return _utils.SAGA_ACTION;","  }","});","Object.defineProperty(exports, 'noop', {","  enumerable: true,","  get: function get() {","    return _utils.noop;","  }","});","Object.defineProperty(exports, 'is', {","  enumerable: true,","  get: function get() {","    return _utils.is;","  }","});","Object.defineProperty(exports, 'deferred', {","  enumerable: true,","  get: function get() {","    return _utils.deferred;","  }","});","Object.defineProperty(exports, 'arrayOfDeffered', {","  enumerable: true,","  get: function get() {","    return _utils.arrayOfDeffered;","  }","});","Object.defineProperty(exports, 'createMockTask', {","  enumerable: true,","  get: function get() {","    return _utils.createMockTask;","  }","});","","var _io = require('./internal/io');","","Object.defineProperty(exports, 'asEffect', {","  enumerable: true,","  get: function get() {","    return _io.asEffect;","  }","});","","var _proc = require('./internal/proc');","","Object.defineProperty(exports, 'CHANNEL_END', {","  enumerable: true,","  get: function get() {","    return _proc.CHANNEL_END;","  }","});"],"l":{"3":1,"7":1,"9":1,"12":16,"15":1,"18":16,"21":1,"24":16,"27":1,"30":14,"33":1,"36":14,"39":1,"42":14,"45":1,"48":14,"52":1,"54":1,"57":14,"61":1,"63":1,"66":14}},"/home/travis/build/npmtest/node-npmtest-redux-saga/node_modules/redux-saga/webpack.config.base.js":{"path":"/home/travis/build/npmtest/node-npmtest-redux-saga/node_modules/redux-saga/webpack.config.base.js","s":{"1":1},"b":{},"f":{},"fnMap":{},"statementMap":{"1":{"start":{"line":3,"column":0},"end":{"line":20,"column":2}}},"branchMap":{},"code":["'use strict';","","module.exports = {","  module: {","    loaders: [","      {","        test: /\\.js$/,","        loaders: ['babel-loader'],","        exclude: /node_modules/","      }","    ]","  },","  output: {","    library: 'ReduxSaga',","    libraryTarget: 'umd'","  },","  resolve: {","    extensions: ['', '.js']","  }","};",""],"l":{"3":1}},"/home/travis/build/npmtest/node-npmtest-redux-saga/node_modules/redux-saga/webpack.config.dev.js":{"path":"/home/travis/build/npmtest/node-npmtest-redux-saga/node_modules/redux-saga/webpack.config.dev.js","s":{"1":2,"2":0,"3":0,"4":0,"5":0},"b":{},"f":{},"fnMap":{},"statementMap":{"1":{"start":{"line":3,"column":0},"end":{"line":3,"column":33}},"2":{"start":{"line":4,"column":0},"end":{"line":4,"column":50}},"3":{"start":{"line":6,"column":0},"end":{"line":6,"column":39}},"4":{"start":{"line":7,"column":0},"end":{"line":12,"column":2}},"5":{"start":{"line":14,"column":0},"end":{"line":14,"column":24}}},"branchMap":{},"code":["'use strict';","","var webpack = require('webpack');","var baseConfig = require('./webpack.config.base');","","var config = Object.create(baseConfig);","config.plugins = [","  new webpack.optimize.OccurenceOrderPlugin(),","  new webpack.DefinePlugin({","    'process.env.NODE_ENV': JSON.stringify('development')","  })","];","","module.exports = config;",""],"l":{"3":2,"4":0,"6":0,"7":0,"14":0}},"/home/travis/build/npmtest/node-npmtest-redux-saga/node_modules/redux-saga/webpack.config.prod.js":{"path":"/home/travis/build/npmtest/node-npmtest-redux-saga/node_modules/redux-saga/webpack.config.prod.js","s":{"1":2,"2":0,"3":0,"4":0,"5":0},"b":{},"f":{},"fnMap":{},"statementMap":{"1":{"start":{"line":3,"column":0},"end":{"line":3,"column":33}},"2":{"start":{"line":4,"column":0},"end":{"line":4,"column":50}},"3":{"start":{"line":6,"column":0},"end":{"line":6,"column":39}},"4":{"start":{"line":7,"column":0},"end":{"line":18,"column":2}},"5":{"start":{"line":20,"column":0},"end":{"line":20,"column":24}}},"branchMap":{},"code":["'use strict';","","var webpack = require('webpack');","var baseConfig = require('./webpack.config.base');","","var config = Object.create(baseConfig);","config.plugins = [","  new webpack.optimize.OccurenceOrderPlugin(),","  new webpack.DefinePlugin({","    'process.env.NODE_ENV': JSON.stringify('production')","  }),","  new webpack.optimize.UglifyJsPlugin({","    compressor: {","      screw_ie8: true,","      warnings: false","    }","  })","];","","module.exports = config;",""],"l":{"3":2,"4":0,"6":0,"7":0,"20":0}}}